Log file open, 01/27/18 12:05:05
LogWindows: Failed to load 'aqProf.dll' (GetLastError=126)
LogWindows: File 'aqProf.dll' does not exist
LogWindows: Failed to load 'VtuneApi.dll' (GetLastError=126)
LogWindows: File 'VtuneApi.dll' does not exist
LogWindows: Failed to load 'VtuneApi32e.dll' (GetLastError=126)
LogWindows: File 'VtuneApi32e.dll' does not exist
LogInit: Display: Running engine for game: GGJ2018
LogPlatformFile: Not using cached read wrapper
LogInit: Display: RandInit(227649970) SRandInit(227649970).
LogInit: Read version file with build ID '3709383'
LogInit: Overriding engine version to CL 3832480, compatible CL 3709383
LogInit: Registered custom module enumerator with build ID '3709383'
LogTaskGraph: Started task graph with 5 named threads and 14 total threads with 3 sets of task threads.
LogStats: Stats thread started at 0.295814
LogD3D11RHI: Aftermath initialized
LogModuleManager: Display: Found up-to-date module file ../../../Engine/Plugins/2D/Paper2D/Binaries/Win64/UE4Editor-Paper2D.dll (API version 3709383).
LogModuleManager: Display: Found up-to-date module file ../../../Engine/Plugins/2D/Paper2D/Binaries/Win64/UE4Editor-Paper2DEditor.dll (API version 3709383).
LogModuleManager: Display: Found up-to-date module file ../../../Engine/Plugins/2D/Paper2D/Binaries/Win64/UE4Editor-PaperSpriteSheetImporter.dll (API version 3709383).
LogModuleManager: Display: Found up-to-date module file ../../../Engine/Plugins/2D/Paper2D/Binaries/Win64/UE4Editor-PaperTiledImporter.dll (API version 3709383).
LogModuleManager: Display: Found up-to-date module file ../../../Engine/Plugins/2D/Paper2D/Binaries/Win64/UE4Editor-SmartSnapping.dll (API version 3709383).
LogModuleManager: Display: Found up-to-date module file ../../../Engine/Plugins/Blendables/LightPropagationVolume/Binaries/Win64/UE4Editor-LightPropagationVolumeRuntime.dll (API version 3709383).
LogModuleManager: Display: Found up-to-date module file ../../../Engine/Plugins/Blendables/LightPropagationVolume/Binaries/Win64/UE4Editor-LightPropagationVolumeEditor.dll (API version 3709383).
LogModuleManager: Display: Found up-to-date module file ../../../Engine/Plugins/Developer/GitSourceControl/Binaries/Win64/UE4Editor-GitSourceControl.dll (API version 3709383).
LogModuleManager: Display: Found up-to-date module file ../../../Engine/Plugins/Developer/PerforceSourceControl/Binaries/Win64/UE4Editor-PerforceSourceControl.dll (API version 3709383).
LogModuleManager: Display: Found up-to-date module file ../../../Engine/Plugins/Developer/SubversionSourceControl/Binaries/Win64/UE4Editor-SubversionSourceControl.dll (API version 3709383).
LogModuleManager: Display: Found up-to-date module file ../../../Engine/Plugins/Developer/UObjectPlugin/Binaries/Win64/UE4Editor-UObjectPlugin.dll (API version 3709383).
LogModuleManager: Display: Found up-to-date module file ../../../Engine/Plugins/Developer/VisualStudioCodeSourceCodeAccess/Binaries/Win64/UE4Editor-VisualStudioCodeSourceCodeAccess.dll (API version 3709383).
LogModuleManager: Display: Found up-to-date module file ../../../Engine/Plugins/Developer/VisualStudioSourceCodeAccess/Binaries/Win64/UE4Editor-VisualStudioSourceCodeAccess.dll (API version 3709383).
LogModuleManager: Display: Found up-to-date module file ../../../Engine/Plugins/Editor/AssetManagerEditor/Binaries/Win64/UE4Editor-AssetManagerEditor.dll (API version 3709383).
LogModuleManager: Display: Found up-to-date module file ../../../Engine/Plugins/Editor/AudioCapture/Binaries/Win64/UE4Editor-AudioCapture.dll (API version 3709383).
LogModuleManager: Display: Found up-to-date module file ../../../Engine/Plugins/Editor/FacialAnimation/Binaries/Win64/UE4Editor-FacialAnimation.dll (API version 3709383).
LogModuleManager: Display: Found up-to-date module file ../../../Engine/Plugins/Editor/FacialAnimation/Binaries/Win64/UE4Editor-FacialAnimationEditor.dll (API version 3709383).
LogModuleManager: Display: Found up-to-date module file ../../../Engine/Plugins/Editor/GameplayTagsEditor/Binaries/Win64/UE4Editor-GameplayTagsEditor.dll (API version 3709383).
LogModuleManager: Display: Found up-to-date module file ../../../Engine/Plugins/Editor/MobileLauncherProfileWizard/Binaries/Win64/UE4Editor-MobileLauncherProfileWizard.dll (API version 3709383).
LogModuleManager: Display: Found up-to-date module file ../../../Engine/Plugins/Editor/PluginBrowser/Binaries/Win64/UE4Editor-PluginBrowser.dll (API version 3709383).
LogModuleManager: Display: Found up-to-date module file ../../../Engine/Plugins/Editor/SpeedTreeImporter/Binaries/Win64/UE4Editor-SpeedTreeImporter.dll (API version 3709383).
LogModuleManager: Display: Found up-to-date module file ../../../Engine/Plugins/Experimental/AlembicImporter/Binaries/Win64/UE4Editor-AlembicImporter.dll (API version 3709383).
LogModuleManager: Display: Found up-to-date module file ../../../Engine/Plugins/Experimental/AlembicImporter/Binaries/Win64/UE4Editor-AlembicLibrary.dll (API version 3709383).
LogModuleManager: Display: Found up-to-date module file ../../../Engine/Plugins/Experimental/CharacterAI/Binaries/Win64/UE4Editor-CharacterAI.dll (API version 3709383).
LogModuleManager: Display: Found up-to-date module file ../../../Engine/Plugins/Experimental/HTML5Networking/Binaries/Win64/UE4Editor-HTML5Networking.dll (API version 3709383).
LogModuleManager: Display: Found up-to-date module file ../../../Engine/Plugins/Media/AndroidMedia/Binaries/Win64/UE4Editor-AndroidMediaEditor.dll (API version 3709383).
LogModuleManager: Display: Found up-to-date module file ../../../Engine/Plugins/Media/AndroidMedia/Binaries/Win64/UE4Editor-AndroidMediaFactory.dll (API version 3709383).
LogModuleManager: Display: Found up-to-date module file ../../../Engine/Plugins/Media/AvfMedia/Binaries/Win64/UE4Editor-AvfMediaEditor.dll (API version 3709383).
LogModuleManager: Display: Found up-to-date module file ../../../Engine/Plugins/Media/AvfMedia/Binaries/Win64/UE4Editor-AvfMediaFactory.dll (API version 3709383).
LogModuleManager: Display: Found up-to-date module file ../../../Engine/Plugins/Media/AvfMedia/Binaries/Win64/UE4Editor-AvfMediaFactory.dll (API version 3709383).
LogModuleManager: Display: Found up-to-date module file ../../../Engine/Plugins/Media/ImgMedia/Binaries/Win64/UE4Editor-ImgMedia.dll (API version 3709383).
LogModuleManager: Display: Found up-to-date module file ../../../Engine/Plugins/Media/ImgMedia/Binaries/Win64/UE4Editor-ImgMediaEditor.dll (API version 3709383).
LogModuleManager: Display: Found up-to-date module file ../../../Engine/Plugins/Media/ImgMedia/Binaries/Win64/UE4Editor-ImgMediaFactory.dll (API version 3709383).
LogModuleManager: Display: Found up-to-date module file ../../../Engine/Plugins/Media/ImgMedia/Binaries/Win64/UE4Editor-ImgMediaFactory.dll (API version 3709383).
LogModuleManager: Display: Found up-to-date module file ../../../Engine/Plugins/Media/ImgMedia/Binaries/Win64/UE4Editor-OpenExrWrapper.dll (API version 3709383).
LogModuleManager: Display: Found up-to-date module file ../../../Engine/Plugins/Media/MediaCompositing/Binaries/Win64/UE4Editor-MediaCompositing.dll (API version 3709383).
LogModuleManager: Display: Found up-to-date module file ../../../Engine/Plugins/Media/MediaCompositing/Binaries/Win64/UE4Editor-MediaCompositingEditor.dll (API version 3709383).
LogModuleManager: Display: Found up-to-date module file ../../../Engine/Plugins/Media/MediaPlayerEditor/Binaries/Win64/UE4Editor-MediaPlayerEditor.dll (API version 3709383).
LogModuleManager: Display: Found up-to-date module file ../../../Engine/Plugins/Media/WmfMedia/Binaries/Win64/UE4Editor-WmfMedia.dll (API version 3709383).
LogModuleManager: Display: Found up-to-date module file ../../../Engine/Plugins/Media/WmfMedia/Binaries/Win64/UE4Editor-WmfMediaEditor.dll (API version 3709383).
LogModuleManager: Display: Found up-to-date module file ../../../Engine/Plugins/Media/WmfMedia/Binaries/Win64/UE4Editor-WmfMediaFactory.dll (API version 3709383).
LogModuleManager: Display: Found up-to-date module file ../../../Engine/Plugins/Media/WmfMedia/Binaries/Win64/UE4Editor-WmfMediaFactory.dll (API version 3709383).
LogModuleManager: Display: Found up-to-date module file ../../../Engine/Plugins/Messaging/TcpMessaging/Binaries/Win64/UE4Editor-TcpMessaging.dll (API version 3709383).
LogModuleManager: Display: Found up-to-date module file ../../../Engine/Plugins/Messaging/UdpMessaging/Binaries/Win64/UE4Editor-UdpMessaging.dll (API version 3709383).
LogModuleManager: Display: Found up-to-date module file ../../../Engine/Plugins/MovieScene/ActorSequence/Binaries/Win64/UE4Editor-ActorSequence.dll (API version 3709383).
LogModuleManager: Display: Found up-to-date module file ../../../Engine/Plugins/MovieScene/LevelSequenceEditor/Binaries/Win64/UE4Editor-LevelSequenceEditor.dll (API version 3709383).
LogModuleManager: Display: Found up-to-date module file ../../../Engine/Plugins/MovieScene/MatineeToLevelSequence/Binaries/Win64/UE4Editor-MatineeToLevelSequence.dll (API version 3709383).
LogModuleManager: Display: Found up-to-date module file ../../../Engine/Plugins/Online/OnlineSubsystem/Binaries/Win64/UE4Editor-OnlineSubsystem.dll (API version 3709383).
LogModuleManager: Display: Found up-to-date module file ../../../Engine/Plugins/Runtime/AndroidPermission/Binaries/Win64/UE4Editor-AndroidPermission.dll (API version 3709383).
LogModuleManager: Display: Found up-to-date module file ../../../Engine/Plugins/Online/OnlineSubsystemNull/Binaries/Win64/UE4Editor-OnlineSubsystemNull.dll (API version 3709383).
LogModuleManager: Display: Found up-to-date module file ../../../Engine/Plugins/Online/OnlineSubsystemUtils/Binaries/Win64/UE4Editor-OnlineSubsystemUtils.dll (API version 3709383).
LogModuleManager: Display: Found up-to-date module file ../../../Engine/Plugins/Online/OnlineSubsystemUtils/Binaries/Win64/UE4Editor-OnlineBlueprintSupport.dll (API version 3709383).
LogModuleManager: Display: Found up-to-date module file ../../../Engine/Plugins/Runtime/AndroidDeviceProfileSelector/Binaries/Win64/UE4Editor-AndroidDeviceProfileSelector.dll (API version 3709383).
LogModuleManager: Display: Found up-to-date module file ../../../Engine/Plugins/Runtime/AppleARKit/Binaries/Win64/UE4Editor-AppleARKit.dll (API version 3709383).
LogModuleManager: Display: Found up-to-date module file ../../../Engine/Plugins/Runtime/ArchVisCharacter/Binaries/Win64/UE4Editor-ArchVisCharacter.dll (API version 3709383).
LogModuleManager: Display: Found up-to-date module file ../../../Engine/Plugins/Runtime/CableComponent/Binaries/Win64/UE4Editor-CableComponent.dll (API version 3709383).
LogModuleManager: Display: Found up-to-date module file ../../../Engine/Plugins/Runtime/CustomMeshComponent/Binaries/Win64/UE4Editor-CustomMeshComponent.dll (API version 3709383).
LogModuleManager: Display: Found up-to-date module file ../../../Engine/Plugins/Runtime/ExampleDeviceProfileSelector/Binaries/Win64/UE4Editor-ExampleDeviceProfileSelector.dll (API version 3709383).
LogModuleManager: Display: Found up-to-date module file ../../../Engine/Plugins/Runtime/ImmediatePhysics/Binaries/Win64/UE4Editor-ImmediatePhysics.dll (API version 3709383).
LogModuleManager: Display: Found up-to-date module file ../../../Engine/Plugins/Runtime/ImmediatePhysics/Binaries/Win64/UE4Editor-ImmediatePhysicsEditor.dll (API version 3709383).
LogModuleManager: Display: Found up-to-date module file ../../../Engine/Plugins/Runtime/LocationServicesBPLibrary/Binaries/Win64/UE4Editor-LocationServicesBPLibrary.dll (API version 3709383).
LogModuleManager: Display: Found up-to-date module file ../../../Engine/Plugins/Runtime/MobilePatchingUtils/Binaries/Win64/UE4Editor-MobilePatchingUtils.dll (API version 3709383).
LogModuleManager: Display: Found up-to-date module file ../../../Engine/Plugins/Runtime/Oculus/OculusVR/Binaries/Win64/UE4Editor-OculusHMD.dll (API version 3709383).
LogModuleManager: Display: Found up-to-date module file ../../../Engine/Plugins/Runtime/Oculus/OculusVR/Binaries/Win64/UE4Editor-OculusInput.dll (API version 3709383).
LogModuleManager: Display: Found up-to-date module file ../../../Engine/Plugins/Runtime/Oculus/OculusVR/Binaries/Win64/UE4Editor-OculusEditor.dll (API version 3709383).
LogModuleManager: Display: Found up-to-date module file ../../../Engine/Plugins/Runtime/PhysXVehicles/Binaries/Win64/UE4Editor-PhysXVehicles.dll (API version 3709383).
LogModuleManager: Display: Found up-to-date module file ../../../Engine/Plugins/Runtime/PhysXVehicles/Binaries/Win64/UE4Editor-PhysXVehiclesEditor.dll (API version 3709383).
LogModuleManager: Display: Found up-to-date module file ../../../Engine/Plugins/Runtime/ProceduralMeshComponent/Binaries/Win64/UE4Editor-ProceduralMeshComponent.dll (API version 3709383).
LogModuleManager: Display: Found up-to-date module file ../../../Engine/Plugins/Runtime/ProceduralMeshComponent/Binaries/Win64/UE4Editor-ProceduralMeshComponentEditor.dll (API version 3709383).
LogModuleManager: Display: Found up-to-date module file ../../../Engine/Plugins/Runtime/RuntimePhysXCooking/Binaries/Win64/UE4Editor-RuntimePhysXCooking.dll (API version 3709383).
LogModuleManager: Display: Found up-to-date module file ../../../Engine/Plugins/Runtime/Steam/SteamVR/Binaries/Win64/UE4Editor-SteamVR.dll (API version 3709383).
LogModuleManager: Display: Found up-to-date module file ../../../Engine/Plugins/Runtime/Steam/SteamVR/Binaries/Win64/UE4Editor-SteamVRController.dll (API version 3709383).
LogModuleManager: Display: Found up-to-date module file ../../../Engine/Plugins/Runtime/WindowsMoviePlayer/Binaries/Win64/UE4Editor-WindowsMoviePlayer.dll (API version 3709383).
LogPluginManager: Mounting plugin Paper2D
LogPluginManager: Mounting plugin LightPropagationVolume
LogPluginManager: Mounting plugin CodeLiteSourceCodeAccess
LogPluginManager: Mounting plugin GitSourceControl
LogPluginManager: Mounting plugin KDevelopSourceCodeAccess
LogPluginManager: Mounting plugin NullSourceCodeAccess
LogPluginManager: Mounting plugin PerforceSourceControl
LogPluginManager: Mounting plugin SubversionSourceControl
LogPluginManager: Mounting plugin UObjectPlugin
LogPluginManager: Mounting plugin VisualStudioCodeSourceCodeAccess
LogPluginManager: Mounting plugin VisualStudioSourceCodeAccess
LogPluginManager: Mounting plugin XCodeSourceCodeAccess
LogPluginManager: Mounting plugin AssetManagerEditor
LogPluginManager: Mounting plugin AudioCapture
LogPluginManager: Mounting plugin FacialAnimation
LogPluginManager: Mounting plugin GameplayTagsEditor
LogPluginManager: Mounting plugin MobileLauncherProfileWizard
LogPluginManager: Mounting plugin PluginBrowser
LogPluginManager: Mounting plugin SpeedTreeImporter
LogPluginManager: Mounting plugin AlembicImporter
LogPluginManager: Mounting plugin CharacterAI
LogPluginManager: Mounting plugin HTML5Networking
LogPluginManager: Mounting plugin AndroidMedia
LogPluginManager: Mounting plugin AvfMedia
LogPluginManager: Mounting plugin ImgMedia
LogPluginManager: Mounting plugin MediaCompositing
LogPluginManager: Mounting plugin MediaPlayerEditor
LogPluginManager: Mounting plugin WmfMedia
LogPluginManager: Mounting plugin TcpMessaging
LogPluginManager: Mounting plugin UdpMessaging
LogPluginManager: Mounting plugin ActorSequence
LogPluginManager: Mounting plugin LevelSequenceEditor
LogPluginManager: Mounting plugin MatineeToLevelSequence
LogPluginManager: Mounting plugin OnlineSubsystemGooglePlay
LogPluginManager: Mounting plugin OnlineSubsystemIOS
LogPluginManager: Mounting plugin OnlineSubsystem
LogPluginManager: Mounting plugin OnlineSubsystemNull
LogPluginManager: Mounting plugin OnlineSubsystemUtils
LogPluginManager: Mounting plugin AndroidDeviceProfileSelector
LogPluginManager: Mounting plugin AndroidMoviePlayer
LogPluginManager: Mounting plugin AndroidPermission
LogPluginManager: Mounting plugin AppleARKit
LogPluginManager: Mounting plugin AppleMoviePlayer
LogPluginManager: Mounting plugin ArchVisCharacter
LogPluginManager: Mounting plugin CableComponent
LogPluginManager: Mounting plugin CustomMeshComponent
LogPluginManager: Mounting plugin ExampleDeviceProfileSelector
LogPluginManager: Mounting plugin GoogleCloudMessaging
LogPluginManager: Mounting plugin ImmediatePhysics
LogPluginManager: Mounting plugin IOSDeviceProfileSelector
LogPluginManager: Mounting plugin LinuxDeviceProfileSelector
LogPluginManager: Mounting plugin LocationServicesBPLibrary
LogPluginManager: Mounting plugin MobilePatchingUtils
LogPluginManager: Mounting plugin OculusVR
LogPluginManager: Plugin shader directory ../../../Engine/Plugins/Runtime/Oculus/OculusVR/Shaders found
LogPluginManager: Mapping shader source directory ../../../Engine/Plugins/Runtime/Oculus/OculusVR/Shaders to virtual directory /Plugin/OculusVR
LogPluginManager: Mounting plugin PhysXVehicles
LogPluginManager: Mounting plugin ProceduralMeshComponent
LogPluginManager: Mounting plugin RuntimePhysXCooking
LogPluginManager: Mounting plugin SteamVR
LogPluginManager: Mounting plugin WindowsMoviePlayer
LogInit: Using libcurl 7.47.1
LogInit:  - built for x86_64-pc-win32
LogInit:  - supports SSL with OpenSSL/1.0.2g
LogInit:  - supports HTTP deflate (compression) using libz 1.2.8
LogInit:  - other features:
LogInit:      CURL_VERSION_SSL
LogInit:      CURL_VERSION_LIBZ
LogInit:      CURL_VERSION_IPV6
LogInit:      CURL_VERSION_ASYNCHDNS
LogInit:      CURL_VERSION_LARGEFILE
LogInit:      CURL_VERSION_IDN
LogInit:  CurlRequestOptions (configurable via config and command line):
LogInit:  - bVerifyPeer = false  - Libcurl will NOT verify peer certificate
LogInit:  - bUseHttpProxy = false  - Libcurl will NOT use HTTP proxy
LogInit:  - bDontReuseConnections = false  - Libcurl will reuse connections
LogInit:  - CertBundlePath = nullptr  - Libcurl will use whatever was configured at build time.
LogInit: Build: ++UE4+Release-4.18-CL-3832480
LogInit: Engine Version: 4.18.3-3832480+++UE4+Release-4.18
LogInit: Compatible Engine Version: 4.18.0-3709383+++UE4+Release-4.18
LogInit: Net CL: 3709383
LogDevObjectVersion: Number of dev versions registered: 16
LogDevObjectVersion:   Dev-Blueprints (B0D832E4-1F89-4F0D-ACCF-7EB736FD4AA2): 10
LogDevObjectVersion:   Dev-Build (E1C64328-A22C-4D53-A36C-8E866417BD8C): 0
LogDevObjectVersion:   Dev-Core (375EC13C-06E4-48FB-B500-84F0262A717E): 2
LogDevObjectVersion:   Dev-Editor (E4B068ED-F494-42E9-A231-DA0B2E46BB41): 20
LogDevObjectVersion:   Dev-Framework (CFFC743F-43B0-4480-9391-14DF171D2073): 30
LogDevObjectVersion:   Dev-Mobile (B02B49B5-BB20-44E9-A304-32B752E40360): 0
LogDevObjectVersion:   Dev-Networking (A4E4105C-59A1-49B5-A7C5-40C4547EDFEE): 0
LogDevObjectVersion:   Dev-Online (39C831C9-5AE6-47DC-9A44-9C173E1C8E7C): 0
LogDevObjectVersion:   Dev-Physics (78F01B33-EBEA-4F98-B9B4-84EACCB95AA2): 0
LogDevObjectVersion:   Dev-Platform (6631380F-2D4D-43E0-8009-CF276956A95A): 0
LogDevObjectVersion:   Dev-Rendering (12F88B9F-8875-4AFC-A67C-D90C383ABD29): 20
LogDevObjectVersion:   Dev-Sequencer (7B5AE74C-D270-4C10-A958-57980B212A5A): 4
LogDevObjectVersion:   Dev-VR (D7296918-1DD6-4BDD-9DE2-64A83CC13884): 0
LogDevObjectVersion:   Dev-LoadTimes (C2A15278-BFE7-4AFE-6C17-90FF531DF755): 1
LogDevObjectVersion:   Private-Geometry (6EACA3D4-40EC-4CC1-B786-8BED09428FC5): 1
LogDevObjectVersion:   Dev-AnimPhys (29E575DD-E0A3-4627-9D10-D276232CDCEA): 12
LogInit: Compiled (64-bit): Jan 12 2018 02:04:55
LogInit: Compiled with Visual C++: 19.00.24215.01
LogInit: Build Configuration: Development
LogInit: Branch Name: ++UE4+Release-4.18
LogInit: Command line:  
LogInit: Base directory: C:/Program Files/Epic Games/UE_4.18/Engine/Binaries/Win64/
LogInit: Installed Engine Build: 1
LogInit: Presizing for max 8388607 objects, including 0 objects not considered by GC, pre-allocating 0 bytes for permanent pool.
LogInit: Object subsystem initialized
[2018.01.27-11.05.07:457][  0]LogInit: Selected Device Profile: [Windows]
[2018.01.27-11.05.07:457][  0]LogInit: Applying CVar settings loaded from the selected device profile: [Windows]
[2018.01.27-11.05.07:468][  0]LogInit: Computer: STAN
[2018.01.27-11.05.07:468][  0]LogInit: User: Stan
[2018.01.27-11.05.07:468][  0]LogInit: CPU Page size=4096, Cores=4
[2018.01.27-11.05.07:468][  0]LogInit: High frequency timer resolution =2.533210 MHz
[2018.01.27-11.05.07:469][  0]LogMemory: Memory total: Physical=7.9GB (8GB approx)
[2018.01.27-11.05.07:469][  0]LogMemory: Platform Memory Stats for Windows
[2018.01.27-11.05.07:469][  0]LogMemory: Process Physical Memory: 272.84 MB used, 272.84 MB peak
[2018.01.27-11.05.07:469][  0]LogMemory: Process Virtual Memory: 271.95 MB used, 271.95 MB peak
[2018.01.27-11.05.07:469][  0]LogMemory: Physical Memory: 4592.75 MB used,  3488.25 MB free, 8081.00 MB total
[2018.01.27-11.05.07:469][  0]LogMemory: Virtual Memory: 665.55 MB used,  3488.25 MB free, 134217728.00 MB total
[2018.01.27-11.05.07:686][  0]LogInit: Using OS detected language (en-GB).
[2018.01.27-11.05.07:686][  0]LogInit: Using OS detected locale (en-GB).
[2018.01.27-11.05.07:695][  0]LogTextLocalizationManager: No specific localization for 'en-GB' exists, so the 'en' localization will be used.
[2018.01.27-11.05.08:156][  0]LogInit: Setting process to per monitor DPI aware
[2018.01.27-11.05.08:657][  0]LogD3D11RHI: D3D11 adapters:
[2018.01.27-11.05.08:707][  0]LogD3D11RHI:    0. 'NVIDIA GeForce GTX 950M' (Feature Level 11_0)
[2018.01.27-11.05.08:707][  0]LogD3D11RHI:       2019/0/4040 MB DedicatedVideo/DedicatedSystem/SharedSystem, Outputs:2, VendorId:0x10de
[2018.01.27-11.05.08:714][  0]LogD3D11RHI:    1. 'Intel(R) HD Graphics 4600' (Feature Level 11_0)
[2018.01.27-11.05.08:715][  0]LogD3D11RHI:       112/0/2048 MB DedicatedVideo/DedicatedSystem/SharedSystem, Outputs:0, VendorId:0x8086
[2018.01.27-11.05.08:718][  0]LogD3D11RHI:    2. 'Microsoft Basic Render Driver' (Feature Level 11_0)
[2018.01.27-11.05.08:718][  0]LogD3D11RHI:       0/0/4040 MB DedicatedVideo/DedicatedSystem/SharedSystem, Outputs:0, VendorId:0x1414
[2018.01.27-11.05.08:719][  0]LogD3D11RHI: Chosen D3D11 Adapter: 0
[2018.01.27-11.05.08:727][  0]LogD3D11RHI: Creating new Direct3DDevice
[2018.01.27-11.05.08:727][  0]LogD3D11RHI:     GPU DeviceId: 0x139a (for the marketing name, search the web for "GPU Device Id")
[2018.01.27-11.05.08:727][  0]LogWindows: EnumDisplayDevices:
[2018.01.27-11.05.08:728][  0]LogWindows:    0. 'Intel(R) HD Graphics 4600' (P:1 D:1)
[2018.01.27-11.05.08:728][  0]LogWindows:    1. 'Intel(R) HD Graphics 4600' (P:0 D:1)
[2018.01.27-11.05.08:728][  0]LogWindows:    2. 'Intel(R) HD Graphics 4600' (P:0 D:0)
[2018.01.27-11.05.08:728][  0]LogWindows: DebugString: GetVideoDriverDetailsInvalid PrimaryIsNotTheChoosenAdapter GetVideoDriverDetailsInvalid PrimaryIsNotTheChoosenAdapter GetVideoDriverDetailsInvalid PrimaryIsNotTheChoosenAdapter FoundDriverCount:0 
[2018.01.27-11.05.08:728][  0]LogD3D11RHI:     Adapter Name: NVIDIA GeForce GTX 950M
[2018.01.27-11.05.08:728][  0]LogD3D11RHI:   Driver Version: Unknown (internal:Unknown, unified:Unknown)
[2018.01.27-11.05.08:728][  0]LogD3D11RHI:      Driver Date: Unknown
[2018.01.27-11.05.08:728][  0]LogRHI: Texture pool is 1413 MB (70% of 2019 MB)
[2018.01.27-11.05.08:756][  0]LogD3D11RHI: Async texture creation enabled
[2018.01.27-11.05.08:780][  0]LogD3D11RHI: GPU Timing Frequency: 1000.000000 (Debug: 2 1)
[2018.01.27-11.05.08:782][  0]LogShaderCompilers: Guid format shader working directory is -45 characters bigger than the processId version (../../../../../../Users/Stan/Documents/Unreal Projects/GGJ2018--404-team-not-found/GGJ2018/Intermediate/Shaders/WorkingDirectory/6584/).
[2018.01.27-11.05.08:782][  0]LogShaderCompilers: Cleaned the shader compiler working directory 'C:/Users/Stan/AppData/Local/Temp/UnrealShaderWorkingDir/29E9E1B9430E958522F1FB9C3FB50879/'.
[2018.01.27-11.05.08:783][  0]LogShaderCompilers: Display: Using Local Shader Compiler.
[2018.01.27-11.05.10:036][  0]LogTemp: Display: Loaded TP AllDesktopTargetPlatform
[2018.01.27-11.05.10:108][  0]LogTemp: Display: Loaded TP MacClientTargetPlatform
[2018.01.27-11.05.10:213][  0]LogTemp: Display: Loaded TP MacNoEditorTargetPlatform
[2018.01.27-11.05.10:316][  0]LogTemp: Display: Loaded TP MacServerTargetPlatform
[2018.01.27-11.05.10:381][  0]LogTemp: Display: Loaded TP MacTargetPlatform
[2018.01.27-11.05.10:443][  0]LogTemp: Display: Loaded TP WindowsClientTargetPlatform
[2018.01.27-11.05.10:511][  0]LogTemp: Display: Loaded TP WindowsNoEditorTargetPlatform
[2018.01.27-11.05.10:573][  0]LogTemp: Display: Loaded TP WindowsServerTargetPlatform
[2018.01.27-11.05.10:638][  0]LogTemp: Display: Loaded TP WindowsTargetPlatform
[2018.01.27-11.05.10:706][  0]LogTemp: Display: Loaded TP Android_ASTCTargetPlatform
[2018.01.27-11.05.10:769][  0]LogTemp: Display: Loaded TP Android_ATCTargetPlatform
[2018.01.27-11.05.10:831][  0]LogTemp: Display: Loaded TP Android_DXTTargetPlatform
[2018.01.27-11.05.10:904][  0]LogTemp: Display: Loaded TP Android_ETC1TargetPlatform
[2018.01.27-11.05.10:974][  0]LogTemp: Display: Loaded TP Android_ETC2TargetPlatform
[2018.01.27-11.05.11:125][  0]LogTemp: Display: Loaded TP Android_MultiTargetPlatform
[2018.01.27-11.05.11:125][  0]LogTemp: Display: Loaded TP Android_PVRTCTargetPlatform
[2018.01.27-11.05.11:196][  0]LogTemp: Display: Loaded TP AndroidTargetPlatform
[2018.01.27-11.05.11:256][  0]LogTemp: Display: Loaded TP HTML5TargetPlatform
[2018.01.27-11.05.11:383][  0]LogTemp: Display: Loaded TP IOSTargetPlatform
[2018.01.27-11.05.11:416][  0]LogTemp: Display: Loaded TP TVOSTargetPlatform
[2018.01.27-11.05.11:487][  0]LogTemp: Display: Loaded TP LinuxClientTargetPlatform
[2018.01.27-11.05.11:562][  0]LogTemp: Display: Loaded TP LinuxNoEditorTargetPlatform
[2018.01.27-11.05.11:637][  0]LogTemp: Display: Loaded TP LinuxServerTargetPlatform
[2018.01.27-11.05.11:703][  0]LogTemp: Display: Loaded TP LinuxTargetPlatform
[2018.01.27-11.05.11:703][  0]LogTargetPlatformManager: Display: Building Assets For Windows
[2018.01.27-11.05.12:400][  0]LogDerivedDataCache: Display: Max Cache Size: 512 MB
[2018.01.27-11.05.12:834][  0]LogDerivedDataCache: Loaded boot cache 0.43s 78MB C:/Users/Stan/AppData/Local/UnrealEngine/4.18/DerivedDataCache/Boot.ddc.
[2018.01.27-11.05.12:834][  0]LogDerivedDataCache: Display: Loaded Boot cache: C:/Users/Stan/AppData/Local/UnrealEngine/4.18/DerivedDataCache/Boot.ddc
[2018.01.27-11.05.12:835][  0]LogDerivedDataCache: FDerivedDataBackendGraph:  Pak pak cache file ../../../../../../Users/Stan/Documents/Unreal Projects/GGJ2018--404-team-not-found/GGJ2018/DerivedDataCache/DDC.ddp not found, will not use a pak cache.
[2018.01.27-11.05.12:836][  0]LogDerivedDataCache: Unable to find inner node Pak for hierarchical cache Hierarchy.
[2018.01.27-11.05.12:836][  0]LogDerivedDataCache: FDerivedDataBackendGraph:  CompressedPak pak cache file ../../../../../../Users/Stan/Documents/Unreal Projects/GGJ2018--404-team-not-found/GGJ2018/DerivedDataCache/Compressed.ddp not found, will not use a pak cache.
[2018.01.27-11.05.12:837][  0]LogDerivedDataCache: Unable to find inner node CompressedPak for hierarchical cache Hierarchy.
[2018.01.27-11.05.12:870][  0]LogDerivedDataCache: Display: Pak cache opened for reading ../../../Engine/DerivedDataCache/Compressed.ddp.
[2018.01.27-11.05.12:886][  0]LogDerivedDataCache: Using Local data cache path C:/Users/Stan/AppData/Local/UnrealEngine/Common/DerivedDataCache: Writable
[2018.01.27-11.05.12:912][  0]LogMaterial: Verifying Global Shaders for PCD3D_SM5
[2018.01.27-11.05.12:913][  0]LogSlate: Using Freetype 2.6.0
[2018.01.27-11.05.12:918][  0]LogSlate: SlateFontCache - WITH_FREETYPE: 1, WITH_HARFBUZZ: 1
[2018.01.27-11.05.12:918][  0]LogSlate: SlateFontCache - WITH_FREETYPE: 1, WITH_HARFBUZZ: 1
[2018.01.27-11.05.13:661][  0]LogInit: Selected Device Profile: [Windows]
[2018.01.27-11.05.14:147][  0]LogSimplygon: Simplygon DLL not present - disabling.
[2018.01.27-11.05.14:198][  0]LogMeshReduction: Using SimplygonSwarm for distributed automatic mesh merging
[2018.01.27-11.05.14:198][  0]LogMeshReduction: Using QuadricMeshReduction for automatic static mesh reduction
[2018.01.27-11.05.14:199][  0]LogMeshReduction: No automatic skeletal mesh reduction module available
[2018.01.27-11.05.14:199][  0]LogMeshReduction: No automatic mesh merging module available
[2018.01.27-11.05.14:199][  0]LogMeshMerging: No automatic mesh merging module available
[2018.01.27-11.05.14:247][  0]LogNetVersion: GGJ2018 , NetCL: 3709383, EngineNetVer: 2, GameNetVer: 0 (Checksum: 4219683102)
[2018.01.27-11.05.14:478][  0]LogAssetRegistry: FAssetRegistry took 0.0266 seconds to start up
[2018.01.27-11.05.15:207][  0]LogPackageLocalizationCache: Processed 7 localized package path(s) for 2 prioritized culture(s) in 0.090897 seconds
[2018.01.27-11.05.15:214][  0]LogUObjectArray: 35870 objects as part of root set at end of initial load.
[2018.01.27-11.05.15:214][  0]LogUObjectAllocator: 7363704 out of 0 bytes used by permanent object pool.
[2018.01.27-11.05.15:214][  0]LogUObjectArray: CloseDisregardForGC: 0/0 objects in disregard for GC pool
[2018.01.27-11.05.15:277][  0]LogInit: WinSock: version 1.1 (2.2), MaxSocks=32767, MaxUdp=65467
[2018.01.27-11.05.19:510][  0]LogTcpMessaging: Initializing TcpMessaging bridge
[2018.01.27-11.05.19:574][  0]LogUdpMessaging: Initializing bridge on interface 0.0.0.0:0 to multicast group 230.0.0.1:6666.
[2018.01.27-11.05.20:549][  0]LogMaterial: Uniform references updated for custom material expression Custom.
[2018.01.27-11.05.21:166][  0]SourceControl: Source control is disabled
[2018.01.27-11.05.21:166][  0]SourceControl: Source control is disabled
[2018.01.27-11.05.21:249][  0]SourceControl: Source control is disabled
[2018.01.27-11.05.21:325][  0]SourceControl: Source control is disabled
[2018.01.27-11.05.22:460][  0]LogAndroidPermission: UAndroidPermissionCallbackProxy::GetInstance
[2018.01.27-11.05.22:829][  0]LogOcInput: OculusInput pre-init called
[2018.01.27-11.05.23:296][  0]LogEngine: Initializing Engine...
[2018.01.27-11.05.23:301][  0]LogHMD: Failed to initialize OpenVR with code 110
[2018.01.27-11.05.23:544][  0]LogStats: UGameplayTagsManager::ConstructGameplayTagTree: Construct from data asset -  0.000 s
[2018.01.27-11.05.23:544][  0]LogStats: UGameplayTagsManager::ConstructGameplayTagTree: GameplayTagTreeChangedEvent.Broadcast -  0.000 s
[2018.01.27-11.05.23:713][  0]LogAIModule: Creating AISystem for world Untitled
[2018.01.27-11.05.23:725][  0]LogInit: XAudio2 using 'Speakers (Realtek High Definition Audio)' : 2 channels at 48 kHz using 32 bits per sample (channel mask 0x3)
[2018.01.27-11.05.23:805][  0]LogInit: FAudioDevice initialized.
[2018.01.27-11.05.24:043][  0]LogDerivedDataCache: Saved boot cache 0.24s 78MB C:/Users/Stan/AppData/Local/UnrealEngine/4.18/DerivedDataCache/Boot.ddc.
[2018.01.27-11.05.24:065][  0]LogInit: Texture streaming: Enabled
[2018.01.27-11.05.24:204][  0]LogEngineSessionManager: EngineSessionManager initialized
[2018.01.27-11.05.24:390][  0]LogInit: Transaction tracking system initialized
[2018.01.27-11.05.24:845][  0]BlueprintLog: New page: Editor Load
[2018.01.27-11.05.25:978][  0]LocalizationService: Localization service is disabled
[2018.01.27-11.05.27:046][  0]LogConsoleResponse: Display: 
[2018.01.27-11.05.27:276][  0]LogCook: Display: Max memory allowance for cook 16384mb min free memory 0mb
[2018.01.27-11.05.27:276][  0]LogCook: Display: Mobile HDR setting 1
[2018.01.27-11.05.27:276][  0]LogGameplayTags: Display: UGameplayTagsManager::DoneAddingNativeTags. DelegateIsBound: 0
[2018.01.27-11.05.27:945][  0]LogFileCache: Scanning file cache for directory 'C:/Users/Stan/Documents/Unreal Projects/GGJ2018--404-team-not-found/GGJ2018/Content/' took 0.02s
[2018.01.27-11.05.28:984][  0]SourceControl: Source control is disabled
[2018.01.27-11.05.28:985][  0]Cmd: MAP LOAD FILE="../../../Engine/Content/Maps/Templates/Template_Default.umap" TEMPLATE=1 SHOWPROGRESS=1 FEATURELEVEL=3
[2018.01.27-11.05.28:986][  0]LightingResults: New page: Lighting Build
[2018.01.27-11.05.29:075][  0]MapCheck: New page: Map Check
[2018.01.27-11.05.29:075][  0]LightingResults: New page: Lighting Build
[2018.01.27-11.05.29:340][  0]LogAIModule: Creating AISystem for world Untitled_1
[2018.01.27-11.05.29:349][  0]LogEditorServer: Finished looking for orphan Actors (0.000 secs)
[2018.01.27-11.05.29:361][  0]Cmd: MAP CHECKDEP NOCLEARLOG
[2018.01.27-11.05.29:443][  0]MapCheck: Map check complete: 0 Error(s), 0 Warning(s), took 80.703ms to complete.
[2018.01.27-11.05.29:443][  0]LogFileHelpers: Loading map 'Template_Default' took 0.458
[2018.01.27-11.05.29:673][  0]LogCollectionManager: Loaded 0 collections in 0.002793 seconds
[2018.01.27-11.05.29:773][  0]LogFileCache: Scanning file cache for directory 'C:/Users/Stan/Documents/Unreal Projects/GGJ2018--404-team-not-found/GGJ2018/Saved/Collections/' took 0.01s
[2018.01.27-11.05.29:773][  0]LogFileCache: Scanning file cache for directory 'C:/Users/Stan/Documents/Unreal Projects/GGJ2018--404-team-not-found/GGJ2018/Content/Developers/Stan/Collections/' took 0.01s
[2018.01.27-11.05.29:773][  0]LogFileCache: Scanning file cache for directory 'C:/Users/Stan/Documents/Unreal Projects/GGJ2018--404-team-not-found/GGJ2018/Content/Collections/' took 0.01s
[2018.01.27-11.05.29:773][  0]LogCollectionManager: Rebuilt the GUID cache for 0 collections in 0.000000 seconds
[2018.01.27-11.05.29:782][  0]LogContentBrowser: Native class hierarchy populated in 0.0090 seconds. Added 2363 classes and 519 folders.
[2018.01.27-11.05.29:894][  0]LogContentBrowser: Native class hierarchy updated for 'WidgetCarousel' in 0.0002 seconds. Added 0 classes and 0 folders.
[2018.01.27-11.05.30:059][  0]LogContentBrowser: Native class hierarchy updated for 'AddContentDialog' in 0.0003 seconds. Added 0 classes and 0 folders.
[2018.01.27-11.05.30:136][  0]LogContentBrowser: Native class hierarchy updated for 'SceneOutliner' in 0.0005 seconds. Added 1 classes and 2 folders.
[2018.01.27-11.05.30:239][  0]LogSlate: Took 0.002742 seconds to synchronously load lazily loaded font '../../../Engine/Content/Slate/Fonts/Roboto-Regular.ttf' (155K)
[2018.01.27-11.05.30:243][  0]LogSlate: Took 0.001291 seconds to synchronously load lazily loaded font '../../../Engine/Content/Slate/Fonts/Roboto-Bold.ttf' (160K)
[2018.01.27-11.05.30:252][  0]LogSlate: Took 0.001965 seconds to synchronously load lazily loaded font '../../../Engine/Content/Editor/Slate/Fonts/FontAwesome.ttf' (139K)
[2018.01.27-11.05.30:473][  0]LogRenderer: Reallocating scene render targets to support 1060x624 Format 10 NumSamples 1 (Frame:1).
[2018.01.27-11.05.30:722][  0]LogContentBrowser: Native class hierarchy updated for 'HierarchicalLODOutliner' in 0.0003 seconds. Added 1 classes and 2 folders.
[2018.01.27-11.05.30:722][  0]LogLoad: (Engine Initialization) Total time: 27.49 seconds
[2018.01.27-11.05.30:722][  0]LogLoad: (Engine Initialization) Total Blueprint compile time: 0.00 seconds
[2018.01.27-11.05.30:722][  0]LogExternalProfiler: Found external profiler: VSPerf
[2018.01.27-11.05.30:722][  0]LogExternalProfiler: Using external profiler: VSPerf
[2018.01.27-11.05.31:108][  0]LogContentStreaming: Texture pool size now 1000 MB
[2018.01.27-11.05.31:180][  0]LogSlate: Took 0.001533 seconds to synchronously load lazily loaded font '../../../Engine/Content/Slate/Fonts/Roboto-Light.ttf' (159K)
[2018.01.27-11.05.31:749][  2]LogAssetRegistry: Asset discovery search completed in 17.2936 seconds
[2018.01.27-11.05.31:757][  2]LogCollectionManager: Rebuilt the object cache for 0 collections in 0.000000 seconds (found 0 objects)
[2018.01.27-11.05.31:757][  2]LogCollectionManager: Fixed up redirectors for 0 collections in 0.000117 seconds (updated 0 objects)
[2018.01.27-11.28.30:321][562]SourceControl: On branch master
[2018.01.27-11.28.30:321][562]SourceControl: Your branch is ahead of 'GGJ2018/master' by 5 commits.
[2018.01.27-11.28.30:322][562]SourceControl:   (use "git push" to publish your local commits)
[2018.01.27-11.28.30:322][562]SourceControl: Changes not staged for commit:
[2018.01.27-11.28.30:322][562]SourceControl:   (use "git add/rm <file>..." to update what will be committed)
[2018.01.27-11.28.30:322][562]SourceControl:   (use "git checkout -- <file>..." to discard changes in working directory)
[2018.01.27-11.28.30:322][562]SourceControl: 	deleted:    GGJ2018/Config/DefaultEngine.ini
[2018.01.27-11.28.30:322][562]SourceControl: 	modified:   GGJ2018/Content/Debug/debug_material.uasset
[2018.01.27-11.28.30:322][562]SourceControl: 	modified:   GGJ2018/Content/Levels/game.umap
[2018.01.27-11.28.30:322][562]SourceControl: Untracked files:
[2018.01.27-11.28.30:322][562]SourceControl:   (use "git add <file>..." to include in what will be committed)
[2018.01.27-11.28.30:322][562]SourceControl: 	GGJ2018/Intermediate/
[2018.01.27-11.28.30:322][562]SourceControl: 	GGJ2018/Saved/
[2018.01.27-11.28.30:322][562]SourceControl: no changes added to commit (use "git add" and/or "git commit -a")
[2018.01.27-11.28.50:648][771]LogSlate: Took 0.000253 seconds to synchronously load lazily loaded font '../../../Engine/Content/Slate/Fonts/Roboto-Light.ttf' (159K)
[2018.01.27-11.28.50:702][771]LogAIModule: Creating AISystem for world main_menu
[2018.01.27-11.28.50:722][771]Cmd: MAP LOAD FILE="../../../../../../Users/Stan/Documents/Unreal Projects/GGJ2018--404-team-not-found/GGJ2018/Content/Levels/main_menu.umap" TEMPLATE=0 SHOWPROGRESS=1 FEATURELEVEL=3
[2018.01.27-11.28.50:722][771]LightingResults: New page: Lighting Build
[2018.01.27-11.28.50:723][771]LoadErrors: New page: Loading map: main_menu.umap
[2018.01.27-11.28.50:723][771]MapCheck: New page: Map Check
[2018.01.27-11.28.50:723][771]LightingResults: New page: Lighting Build
[2018.01.27-11.28.50:783][771]LogEditorServer: Finished looking for orphan Actors (0.000 secs)
[2018.01.27-11.28.50:823][771]Cmd: MAP CHECKDEP NOCLEARLOG
[2018.01.27-11.28.50:916][771]MapCheck: Map check complete: 0 Error(s), 0 Warning(s), took 93.509ms to complete.
[2018.01.27-11.28.50:917][771]LogFileHelpers: Loading map 'main_menu' took 0.198
[2018.01.27-11.28.52:383][853]LogTemp: Repeating last play command: Selected Viewport
[2018.01.27-11.28.52:487][853]LogBlueprintUserMessages: Early PlayInEditor Detection: Level '/Game/Levels/main_menu.main_menu:PersistentLevel' has LevelScriptBlueprint '/Game/Levels/main_menu.main_menu:PersistentLevel.main_menu' with GeneratedClass '/Game/Levels/main_menu.main_menu_C' with ClassGeneratedBy '/Game/Levels/main_menu.main_menu:PersistentLevel.main_menu'
[2018.01.27-11.28.52:487][853]LogPlayLevel: PlayLevel: No blueprints needed recompiling
[2018.01.27-11.28.52:490][853]PIE: New page: PIE session: main_menu (27 Jan 2018 13:28:52)
[2018.01.27-11.28.52:490][853]LogPlayLevel: Creating play world package: /Game/Levels/UEDPIE_0_main_menu
[2018.01.27-11.28.52:491][853]LogPlayLevel: PIE: StaticDuplicateObject took: (0.001075s)
[2018.01.27-11.28.52:491][853]LogAIModule: Creating AISystem for world main_menu
[2018.01.27-11.28.52:492][853]LogPlayLevel: PIE: World Init took: (0.000902s)
[2018.01.27-11.28.52:492][853]LogPlayLevel: PIE: Created PIE world by copying editor world from /Game/Levels/main_menu.main_menu to /Game/Levels/UEDPIE_0_main_menu.main_menu (0.002258s)
[2018.01.27-11.28.52:506][853]LogInit: XAudio2 using 'Speakers (Realtek High Definition Audio)' : 2 channels at 48 kHz using 32 bits per sample (channel mask 0x3)
[2018.01.27-11.28.52:521][853]LogInit: FAudioDevice initialized.
[2018.01.27-11.28.52:569][853]LogLoad: Game class is 'GameModeBase'
[2018.01.27-11.28.52:573][853]LogWorld: Bringing World /Game/Levels/UEDPIE_0_main_menu.main_menu up for play (max tick rate 60) at 2018.01.27-12.28.52
[2018.01.27-11.28.52:573][853]LogWorld: Bringing up level for play took: 0.000641
[2018.01.27-11.28.52:627][853]LogContentBrowser: Native class hierarchy updated for 'MovieSceneCapture' in 0.0003 seconds. Added 11 classes and 0 folders.
[2018.01.27-11.28.52:629][853]PIE: Play in editor start time for /Game/Levels/UEDPIE_0_main_menu 0.345
[2018.01.27-11.28.52:629][853]LogBlueprintUserMessages: Late PlayInEditor Detection: Level '/Game/Levels/main_menu.main_menu:PersistentLevel' has LevelScriptBlueprint '/Game/Levels/main_menu.main_menu:PersistentLevel.main_menu' with GeneratedClass '/Game/Levels/main_menu.main_menu_C' with ClassGeneratedBy '/Game/Levels/main_menu.main_menu:PersistentLevel.main_menu'
[2018.01.27-11.28.55:528][ 17]LogNet: Browse: /Game/Levels/game
[2018.01.27-11.28.55:528][ 17]LogLoad: LoadMap: /Game/Levels/game
[2018.01.27-11.28.56:182][ 17]LogAIModule: Creating AISystem for world game
[2018.01.27-11.28.56:182][ 17]LogLoad: Game class is 'bp_GameMode_C'
[2018.01.27-11.28.56:184][ 17]LogWorld: Bringing World /Game/Levels/UEDPIE_0_game.game up for play (max tick rate 60) at 2018.01.27-12.28.56
[2018.01.27-11.28.56:185][ 17]LogWorld: Bringing up level for play took: 0.002039
[2018.01.27-11.28.56:185][ 17]LogGameMode: FindPlayerStart: PATHS NOT DEFINED or NO PLAYERSTART with positive rating
[2018.01.27-11.28.56:186][ 17]LogScriptCore: Warning: Script Msg: Attempted to access index 0 from array 'CallFunc_GetAllActorsOfClass_OutActors' of length 0 in '/Game/Blueprints/Camera/bp_Camera.bp_Camera_C:ExecuteUbergraph_bp_Camera'!
[2018.01.27-11.28.56:188][ 17]LogLoad: Took 0.659920 seconds to LoadMap(/Game/Levels/game)
[2018.01.27-11.29.38:703][558]LogBlueprintUserMessages: Early EndPlayMap Detection: Level '/Game/Levels/main_menu.main_menu:PersistentLevel' has LevelScriptBlueprint '/Game/Levels/main_menu.main_menu:PersistentLevel.main_menu' with GeneratedClass '/Game/Levels/main_menu.main_menu_C' with ClassGeneratedBy '/Game/Levels/main_menu.main_menu:PersistentLevel.main_menu'
[2018.01.27-11.29.38:739][558]LogBlueprintUserMessages: Late EndPlayMap Detection: Level '/Game/Levels/main_menu.main_menu:PersistentLevel' has LevelScriptBlueprint '/Game/Levels/main_menu.main_menu:PersistentLevel.main_menu' with GeneratedClass '/Game/Levels/main_menu.main_menu_C' with ClassGeneratedBy '/Game/Levels/main_menu.main_menu:PersistentLevel.main_menu'
[2018.01.27-12.37.54:722][964]LogContentBrowser: Native class hierarchy updated for 'BlueprintGraph' in 0.0018 seconds. Added 116 classes and 0 folders.
[2018.01.27-12.37.55:689][964]LogSlate: Took 0.000239 seconds to synchronously load lazily loaded font '../../../Engine/Content/Slate/Fonts/Roboto-Light.ttf' (159K)
[2018.01.27-12.37.55:691][964]LogSlate: Took 0.001442 seconds to synchronously load lazily loaded font '../../../Engine/Content/Editor/Slate/Fonts/Roboto-BoldCondensed.ttf' (158K)
[2018.01.27-12.39.41:334][635]LogFileHelpers: Editor autosave (incl. sublevels) for '/Game/Levels/main_menu' took 0.021
[2018.01.27-12.39.41:340][635]OBJ SavePackage: Generating thumbnails for [0] asset(s) in package [/Game/UI/win_menu] ([1] browsable assets)...
[2018.01.27-12.39.41:340][635]OBJ SavePackage: Finished generating thumbnails for package [/Game/UI/win_menu]
[2018.01.27-12.39.41:358][635]LogSavePackage: Save=13.82ms
[2018.01.27-12.39.41:358][635]LogSavePackage: Moving '../../../../../../Users/Stan/Documents/Unreal Projects/GGJ2018--404-team-not-found/GGJ2018/Saved/win_menu_Auto1C9164C0E4A741DCE2D7C38A47A9E74EF.tmp' to '../../../../../../Users/Stan/Documents/Unreal Projects/GGJ2018--404-team-not-found/GGJ2018/Saved/Autosaves/Game/UI/win_menu_Auto1.uasset'
[2018.01.27-12.39.41:362][635]LogSavePackage: Display: Finished SavePackage ../../../../../../Users/Stan/Documents/Unreal Projects/GGJ2018--404-team-not-found/GGJ2018/Saved/Autosaves/Game/UI/win_menu_Auto1.uasset
[2018.01.27-12.39.41:364][635]OBJ SavePackage: Generating thumbnails for [0] asset(s) in package [/Game/UI/lose_menu] ([1] browsable assets)...
[2018.01.27-12.39.41:364][635]OBJ SavePackage: Finished generating thumbnails for package [/Game/UI/lose_menu]
[2018.01.27-12.39.41:374][635]LogSavePackage: Save=7.45ms
[2018.01.27-12.39.41:374][635]LogSavePackage: Moving '../../../../../../Users/Stan/Documents/Unreal Projects/GGJ2018--404-team-not-found/GGJ2018/Saved/lose_menu_Auto16B0F515C46A599AC82CAFD9198A8B490.tmp' to '../../../../../../Users/Stan/Documents/Unreal Projects/GGJ2018--404-team-not-found/GGJ2018/Saved/Autosaves/Game/UI/lose_menu_Auto1.uasset'
[2018.01.27-12.39.41:378][635]LogSavePackage: Display: Finished SavePackage ../../../../../../Users/Stan/Documents/Unreal Projects/GGJ2018--404-team-not-found/GGJ2018/Saved/Autosaves/Game/UI/lose_menu_Auto1.uasset
[2018.01.27-12.39.41:378][635]LogFileHelpers: Auto-saving content packages took 0.043
[2018.01.27-12.42.38:887][928]LogSlate: Took 0.001748 seconds to synchronously load lazily loaded font '../../../Engine/Content/Editor/Slate/Fonts/Roboto-BoldCondensedItalic.ttf' (160K)
[2018.01.27-12.44.18:445][992]LogSlate: Took 0.001532 seconds to synchronously load lazily loaded font '../../../Engine/Content/Editor/Slate/Fonts/Roboto-Italic.ttf' (157K)
[2018.01.27-12.49.41:824][606]LogFileHelpers: Editor autosave (incl. sublevels) for '/Game/Levels/main_menu' took 0.038
[2018.01.27-12.49.41:828][606]OBJ SavePackage: Generating thumbnails for [0] asset(s) in package [/Game/UI/game_hud] ([1] browsable assets)...
[2018.01.27-12.49.41:829][606]OBJ SavePackage: Finished generating thumbnails for package [/Game/UI/game_hud]
[2018.01.27-12.49.41:952][606]LogSavePackage: Save=113.90ms
[2018.01.27-12.49.41:952][606]LogSavePackage: Moving '../../../../../../Users/Stan/Documents/Unreal Projects/GGJ2018--404-team-not-found/GGJ2018/Saved/game_hud_Auto268741CD24206CA5BAE21D38D6B0851D0.tmp' to '../../../../../../Users/Stan/Documents/Unreal Projects/GGJ2018--404-team-not-found/GGJ2018/Saved/Autosaves/Game/UI/game_hud_Auto2.uasset'
[2018.01.27-12.49.41:956][606]LogSavePackage: Display: Finished SavePackage ../../../../../../Users/Stan/Documents/Unreal Projects/GGJ2018--404-team-not-found/GGJ2018/Saved/Autosaves/Game/UI/game_hud_Auto2.uasset
[2018.01.27-12.49.41:956][606]LogFileHelpers: Auto-saving content packages took 0.131
[2018.01.27-13.20.58:260][119]LogFileHelpers: Editor autosave (incl. sublevels) for '/Game/Levels/main_menu' took 0.022
[2018.01.27-13.20.58:264][119]OBJ SavePackage: Generating thumbnails for [0] asset(s) in package [/Game/UI/game_hud] ([1] browsable assets)...
[2018.01.27-13.20.58:264][119]OBJ SavePackage: Finished generating thumbnails for package [/Game/UI/game_hud]
[2018.01.27-13.20.58:361][119]LogSavePackage: Save=90.97ms
[2018.01.27-13.20.58:362][119]LogSavePackage: Moving '../../../../../../Users/Stan/Documents/Unreal Projects/GGJ2018--404-team-not-found/GGJ2018/Saved/game_hud_Auto3193CEF1F4968755A8D76318D2C1F3890.tmp' to '../../../../../../Users/Stan/Documents/Unreal Projects/GGJ2018--404-team-not-found/GGJ2018/Saved/Autosaves/Game/UI/game_hud_Auto3.uasset'
[2018.01.27-13.20.58:365][119]LogSavePackage: Display: Finished SavePackage ../../../../../../Users/Stan/Documents/Unreal Projects/GGJ2018--404-team-not-found/GGJ2018/Saved/Autosaves/Game/UI/game_hud_Auto3.uasset
[2018.01.27-13.20.58:365][119]LogFileHelpers: Auto-saving content packages took 0.104
[2018.01.27-13.21.19:356][366]Cmd: OBJ SAVEPACKAGE PACKAGE="/Game/UI/game_hud" FILE="../../../../../../Users/Stan/Documents/Unreal Projects/GGJ2018--404-team-not-found/GGJ2018/Content/UI/game_hud.uasset" SILENT=true
[2018.01.27-13.21.19:462][366]LogSavePackage: Save=98.64ms
[2018.01.27-13.21.19:462][366]LogSavePackage: Moving '../../../../../../Users/Stan/Documents/Unreal Projects/GGJ2018--404-team-not-found/GGJ2018/Saved/game_hud8BD0B4AA4396FA9B34819DBEAE23D5F0.tmp' to '../../../../../../Users/Stan/Documents/Unreal Projects/GGJ2018--404-team-not-found/GGJ2018/Content/UI/game_hud.uasset'
[2018.01.27-13.21.19:469][366]LogSavePackage: Display: Finished SavePackage ../../../../../../Users/Stan/Documents/Unreal Projects/GGJ2018--404-team-not-found/GGJ2018/Content/UI/game_hud.uasset
[2018.01.27-13.21.19:479][366]Cmd: OBJ SAVEPACKAGE PACKAGE="/Game/UI/win_menu" FILE="../../../../../../Users/Stan/Documents/Unreal Projects/GGJ2018--404-team-not-found/GGJ2018/Content/UI/win_menu.uasset" SILENT=true
[2018.01.27-13.21.19:489][366]LogSavePackage: Save=7.26ms
[2018.01.27-13.21.19:489][366]LogSavePackage: Moving '../../../../../../Users/Stan/Documents/Unreal Projects/GGJ2018--404-team-not-found/GGJ2018/Saved/win_menu4B6045B640B563EB5BC72DB7F2AE9B75.tmp' to '../../../../../../Users/Stan/Documents/Unreal Projects/GGJ2018--404-team-not-found/GGJ2018/Content/UI/win_menu.uasset'
[2018.01.27-13.21.19:496][366]LogSavePackage: Display: Finished SavePackage ../../../../../../Users/Stan/Documents/Unreal Projects/GGJ2018--404-team-not-found/GGJ2018/Content/UI/win_menu.uasset
[2018.01.27-13.21.19:652][366]Cmd: OBJ SAVEPACKAGE PACKAGE="/Game/UI/lose_menu" FILE="../../../../../../Users/Stan/Documents/Unreal Projects/GGJ2018--404-team-not-found/GGJ2018/Content/UI/lose_menu.uasset" SILENT=true
[2018.01.27-13.21.19:664][366]LogSavePackage: Save=7.87ms
[2018.01.27-13.21.19:664][366]LogSavePackage: Moving '../../../../../../Users/Stan/Documents/Unreal Projects/GGJ2018--404-team-not-found/GGJ2018/Saved/lose_menu3CEC64BE48F8D965FE896FBBAA7A6401.tmp' to '../../../../../../Users/Stan/Documents/Unreal Projects/GGJ2018--404-team-not-found/GGJ2018/Content/UI/lose_menu.uasset'
[2018.01.27-13.21.19:670][366]LogSavePackage: Display: Finished SavePackage ../../../../../../Users/Stan/Documents/Unreal Projects/GGJ2018--404-team-not-found/GGJ2018/Content/UI/lose_menu.uasset
[2018.01.27-13.21.22:298][507]SourceControl: fatal: C:/Program Files/Epic Games/UE_4.18/Engine/Content/: 'C:/Program Files/Epic Games/UE_4.18/Engine/Content/' is outside repository
[2018.01.27-13.36.09:713][889]SourceControl: fatal: C:/Program Files/Epic Games/UE_4.18/Engine/Content/: 'C:/Program Files/Epic Games/UE_4.18/Engine/Content/' is outside repository
[2018.01.27-13.36.21:111][889]LogSourceControl: FGitCheckInWorker: commit successful
[2018.01.27-13.36.21:244][889]SourceControl: [master 8e0fa0e] added score counter
[2018.01.27-13.36.21:244][889]SourceControl:  2 files changed, 0 insertions(+), 0 deletions(-)
[2018.01.27-13.36.21:244][889]SourceControl:  rewrite GGJ2018/Content/UI/game_hud.uasset (86%)
[2018.01.27-13.36.21:255][889]SourceControl: Commited [master 8e0fa0e] added score counter.
[2018.01.27-13.36.43:903][345]LogSourceControl: FGitCheckInWorker: commit successful
[2018.01.27-13.36.43:958][345]SourceControl: [master cb16377] changed
[2018.01.27-13.36.43:958][345]SourceControl:  1 file changed, 0 insertions(+), 0 deletions(-)
[2018.01.27-13.36.43:969][345]SourceControl: Commited [master cb16377] changed.
[2018.01.27-13.37.03:639][854]Cmd: TRANSACTION UNDO
[2018.01.27-13.37.03:639][854]LogEditorTransaction: Undo Move Node
[2018.01.27-13.37.05:318][954]Cmd: TRANSACTION UNDO
[2018.01.27-13.37.05:318][954]LogEditorTransaction: Undo Delete current selection
[2018.01.27-13.37.06:344][ 15]Cmd: TRANSACTION UNDO
[2018.01.27-13.37.06:344][ 15]LogEditorTransaction: Undo Move Node
[2018.01.27-13.37.07:844][105]Cmd: TRANSACTION UNDO
[2018.01.27-13.37.07:844][105]LogEditorTransaction: Undo Add Node
[2018.01.27-13.37.09:011][175]Cmd: TRANSACTION UNDO
[2018.01.27-13.37.09:011][175]LogEditorTransaction: Undo Change Parameter Type
[2018.01.27-13.37.10:270][250]Cmd: TRANSACTION REDO
[2018.01.27-13.37.10:270][250]LogEditorTransaction: Redo Change Parameter Type
[2018.01.27-13.37.10:271][250]LogBlueprint: Warning: FMemberReference::ResolveMember (ExecuteUbergraph_game_hud) bSelfContext == true, but no scope supplied!
[2018.01.27-13.37.10:271][250]LogBlueprint: Warning: FMemberReference::ResolveMember (ExecuteUbergraph_game_hud) bSelfContext == true, but no scope supplied!
[2018.01.27-13.37.10:271][250]LogBlueprint: Warning: FMemberReference::ResolveMember (ExecuteUbergraph_game_hud) bSelfContext == true, but no scope supplied!
[2018.01.27-13.37.10:271][250]LogBlueprint: Warning: FMemberReference::ResolveMember (ExecuteUbergraph_game_hud) bSelfContext == true, but no scope supplied!
[2018.01.27-13.37.10:271][250]LogBlueprint: Warning: FMemberReference::ResolveMember (ExecuteUbergraph_game_hud) bSelfContext == true, but no scope supplied!
[2018.01.27-13.37.10:271][250]LogBlueprint: Warning: FMemberReference::ResolveMember (ExecuteUbergraph_game_hud) bSelfContext == true, but no scope supplied!
[2018.01.27-13.37.10:271][250]LogBlueprint: Warning: FMemberReference::ResolveMember (ExecuteUbergraph_game_hud) bSelfContext == true, but no scope supplied!
[2018.01.27-13.37.10:271][250]LogBlueprint: Warning: FMemberReference::ResolveMember (ExecuteUbergraph_game_hud) bSelfContext == true, but no scope supplied!
[2018.01.27-13.37.10:271][250]LogBlueprint: Warning: FMemberReference::ResolveMember (ExecuteUbergraph_game_hud) bSelfContext == true, but no scope supplied!
[2018.01.27-13.37.10:506][264]Cmd: TRANSACTION REDO
[2018.01.27-13.37.10:506][264]LogEditorTransaction: Redo Add Node
[2018.01.27-13.37.10:706][276]Cmd: TRANSACTION REDO
[2018.01.27-13.37.10:706][276]LogEditorTransaction: Redo Move Node
[2018.01.27-13.37.10:940][290]Cmd: TRANSACTION REDO
[2018.01.27-13.37.10:940][290]LogEditorTransaction: Redo Delete current selection
[2018.01.27-13.37.11:206][306]Cmd: TRANSACTION REDO
[2018.01.27-13.37.11:206][306]LogEditorTransaction: Redo Move Node
[2018.01.27-13.37.37:059][403]SourceControl: Error: error: pathspec 'C:/Users/Stan/Documents/Unreal Projects/GGJ2018--404-team-not-found/GGJ2018/Content/UI/win_menu.uasset' did not match any file(s) known to git.
[2018.01.27-13.37.46:446][750]SourceControl: Error: error: pathspec 'C:/Users/Stan/Documents/Unreal Projects/GGJ2018--404-team-not-found/GGJ2018/Content/UI/lose_menu.uasset' did not match any file(s) known to git.
[2018.01.27-13.38.08:631][ 68]Cmd: OBJ SAVEPACKAGE PACKAGE="/Game/UI/game_hud" FILE="../../../../../../Users/Stan/Documents/Unreal Projects/GGJ2018--404-team-not-found/GGJ2018/Content/UI/game_hud.uasset" SILENT=true
[2018.01.27-13.38.08:739][ 68]LogSavePackage: Save=98.91ms
[2018.01.27-13.38.08:739][ 68]LogSavePackage: Moving '../../../../../../Users/Stan/Documents/Unreal Projects/GGJ2018--404-team-not-found/GGJ2018/Saved/game_hudCAD8F0B74C05620BAE70C49234B697F6.tmp' to '../../../../../../Users/Stan/Documents/Unreal Projects/GGJ2018--404-team-not-found/GGJ2018/Content/UI/game_hud.uasset'
[2018.01.27-13.38.08:747][ 68]LogSavePackage: Display: Finished SavePackage ../../../../../../Users/Stan/Documents/Unreal Projects/GGJ2018--404-team-not-found/GGJ2018/Content/UI/game_hud.uasset
[2018.01.27-13.38.09:101][ 69]Cmd: QUIT_EDITOR
[2018.01.27-13.38.10:151][ 69]LogWindowsTextInputMethodSystem: Display: IME system now deactivated.
[2018.01.27-13.38.10:202][ 69]LogExit: Preparing to exit.
[2018.01.27-13.38.10:827][ 69]LogDirectoryWatcher: A directory notification for 'C:/Users/Stan/Documents/Unreal Projects/GGJ2018--404-team-not-found/GGJ2018/Content/' was aborted.
[2018.01.27-13.38.10:928][ 69]LogExit: Editor shut down
[2018.01.27-13.38.10:958][ 69]LogExit: Transaction tracking system shut down
[2018.01.27-13.38.11:271][ 69]LogDirectoryWatcher: A directory notification for '../../../Engine/Content/' was aborted.
[2018.01.27-13.38.11:271][ 69]LogDirectoryWatcher: A directory notification for '../../../../../../Users/Stan/Documents/Unreal Projects/GGJ2018--404-team-not-found/GGJ2018/Content/' was aborted.
[2018.01.27-13.38.11:271][ 69]LogDirectoryWatcher: A directory notification for '../../../Engine/Plugins/2D/Paper2D/Content/' was aborted.
[2018.01.27-13.38.11:271][ 69]LogDirectoryWatcher: A directory notification for '../../../Engine/Plugins/Media/MediaCompositing/Content/' was aborted.
[2018.01.27-13.38.11:271][ 69]LogDirectoryWatcher: A directory notification for '../../../Engine/Plugins/Runtime/AppleARKit/Content/' was aborted.
[2018.01.27-13.38.11:272][ 69]LogDirectoryWatcher: A directory notification for '../../../Engine/Plugins/Runtime/Oculus/OculusVR/Content/' was aborted.
[2018.01.27-13.38.11:272][ 69]LogDirectoryWatcher: A directory notification for '../../../Engine/Plugins/Runtime/Steam/SteamVR/Content/' was aborted.
[2018.01.27-13.38.11:541][ 69]LogExit: Object subsystem successfully closed.
[2018.01.27-13.38.11:586][ 69]LogD3D11RHI: Shutdown
[2018.01.27-13.38.11:586][ 69]LogD3D11RHI: CleanupD3DDevice
[2018.01.27-13.38.11:593][ 69]LogD3D11RHI: ~FD3D11DynamicRHI
[2018.01.27-13.38.11:655][ 69]LogModuleManager: Shutting down and abandoning module SequencerWidgets (556)
[2018.01.27-13.38.11:655][ 69]LogModuleManager: Shutting down and abandoning module BlueprintGraph (554)
[2018.01.27-13.38.11:655][ 69]LogModuleManager: Shutting down and abandoning module MovieSceneCapture (552)
[2018.01.27-13.38.11:655][ 69]LogModuleManager: Shutting down and abandoning module HierarchicalLODOutliner (550)
[2018.01.27-13.38.11:655][ 69]LogModuleManager: Shutting down and abandoning module SceneOutliner (548)
[2018.01.27-13.38.11:655][ 69]LogModuleManager: Shutting down and abandoning module AddContentDialog (546)
[2018.01.27-13.38.11:656][ 69]LogDirectoryWatcher: A directory notification for 'C:/Program Files/Epic Games/UE_4.18/FeaturePacks/' was aborted.
[2018.01.27-13.38.11:662][ 69]LogModuleManager: Shutting down and abandoning module WidgetCarousel (545)
[2018.01.27-13.38.11:663][ 69]LogModuleManager: Shutting down and abandoning module EditorWidgets (542)
[2018.01.27-13.38.11:663][ 69]LogModuleManager: Shutting down and abandoning module CollectionManager (540)
[2018.01.27-13.38.11:663][ 69]LogDirectoryWatcher: A directory notification for 'C:/Users/Stan/Documents/Unreal Projects/GGJ2018--404-team-not-found/GGJ2018/Content/Collections/' was aborted.
[2018.01.27-13.38.11:663][ 69]LogDirectoryWatcher: A directory notification for 'C:/Users/Stan/Documents/Unreal Projects/GGJ2018--404-team-not-found/GGJ2018/Content/Developers/Stan/Collections/' was aborted.
[2018.01.27-13.38.11:663][ 69]LogDirectoryWatcher: A directory notification for 'C:/Users/Stan/Documents/Unreal Projects/GGJ2018--404-team-not-found/GGJ2018/Saved/Collections/' was aborted.
[2018.01.27-13.38.11:664][ 69]LogModuleManager: Shutting down and abandoning module HierarchicalLODUtilities (538)
[2018.01.27-13.38.11:664][ 69]LogModuleManager: Shutting down and abandoning module StatsViewer (536)
[2018.01.27-13.38.11:665][ 69]LogModuleManager: Shutting down and abandoning module FoliageEdit (534)
[2018.01.27-13.38.11:665][ 69]LogModuleManager: Shutting down and abandoning module LandscapeEditor (532)
[2018.01.27-13.38.11:666][ 69]LogModuleManager: Shutting down and abandoning module MeshPaintMode (530)
[2018.01.27-13.38.11:666][ 69]LogModuleManager: Shutting down and abandoning module SceneDepthPickerMode (528)
[2018.01.27-13.38.11:666][ 69]LogModuleManager: Shutting down and abandoning module ActorPickerMode (526)
[2018.01.27-13.38.11:666][ 69]LogModuleManager: Shutting down and abandoning module GeometryMode (524)
[2018.01.27-13.38.11:666][ 69]LogModuleManager: Shutting down and abandoning module TextureAlignMode (522)
[2018.01.27-13.38.11:666][ 69]LogModuleManager: Shutting down and abandoning module BspMode (520)
[2018.01.27-13.38.11:666][ 69]LogModuleManager: Shutting down and abandoning module PIEPreviewDeviceProfileSelector (518)
[2018.01.27-13.38.11:666][ 69]LogModuleManager: Shutting down and abandoning module HardwareSurvey (516)
[2018.01.27-13.38.11:666][ 69]LogModuleManager: Shutting down and abandoning module SequenceRecorderSections (514)
[2018.01.27-13.38.11:667][ 69]LogModuleManager: Shutting down and abandoning module AutomationWorker (512)
[2018.01.27-13.38.11:667][ 69]LogModuleManager: Shutting down and abandoning module MatineeToLevelSequence (510)
[2018.01.27-13.38.11:667][ 69]LogModuleManager: Shutting down and abandoning module LevelSequenceEditor (508)
[2018.01.27-13.38.11:669][ 69]LogModuleManager: Shutting down and abandoning module PlacementMode (507)
[2018.01.27-13.38.11:669][ 69]LogModuleManager: Shutting down and abandoning module WmfMediaFactory (504)
[2018.01.27-13.38.11:669][ 69]LogModuleManager: Shutting down and abandoning module WmfMediaEditor (502)
[2018.01.27-13.38.11:669][ 69]LogModuleManager: Shutting down and abandoning module OpenExrWrapper (500)
[2018.01.27-13.38.11:669][ 69]LogModuleManager: Shutting down and abandoning module ImgMediaFactory (498)
[2018.01.27-13.38.11:669][ 69]LogModuleManager: Shutting down and abandoning module ImgMediaEditor (496)
[2018.01.27-13.38.11:669][ 69]LogModuleManager: Shutting down and abandoning module AvfMediaFactory (494)
[2018.01.27-13.38.11:669][ 69]LogModuleManager: Shutting down and abandoning module AvfMediaEditor (492)
[2018.01.27-13.38.11:669][ 69]LogModuleManager: Shutting down and abandoning module AndroidMediaFactory (490)
[2018.01.27-13.38.11:669][ 69]LogModuleManager: Shutting down and abandoning module AndroidMediaEditor (488)
[2018.01.27-13.38.11:669][ 69]LogModuleManager: Shutting down and abandoning module CharacterAI (486)
[2018.01.27-13.38.11:669][ 69]LogModuleManager: Shutting down and abandoning module AudioCapture (484)
[2018.01.27-13.38.11:669][ 69]LogModuleManager: Shutting down and abandoning module SequenceRecorder (483)
[2018.01.27-13.38.11:670][ 69]LogModuleManager: Shutting down and abandoning module SmartSnapping (480)
[2018.01.27-13.38.11:670][ 69]LogModuleManager: Shutting down and abandoning module SessionServices (478)
[2018.01.27-13.38.11:670][ 69]LogModuleManager: Shutting down and abandoning module ViewportSnapping (476)
[2018.01.27-13.38.11:670][ 69]LogModuleManager: Shutting down and abandoning module ViewportInteraction (474)
[2018.01.27-13.38.11:670][ 69]LogModuleManager: Shutting down and abandoning module ClothPainter (472)
[2018.01.27-13.38.11:670][ 69]LogModuleManager: Shutting down and abandoning module SkeletalMeshEditor (471)
[2018.01.27-13.38.11:671][ 69]LogModuleManager: Shutting down and abandoning module LogVisualizer (468)
[2018.01.27-13.38.11:672][ 69]LogModuleManager: Shutting down and abandoning module IntroTutorials (466)
[2018.01.27-13.38.11:673][ 69]LogModuleManager: Shutting down and abandoning module GameProjectGeneration (465)
[2018.01.27-13.38.11:674][ 69]LogModuleManager: Shutting down and abandoning module IOSPlatformEditor (462)
[2018.01.27-13.38.11:674][ 69]LogModuleManager: Shutting down and abandoning module HTML5PlatformEditor (460)
[2018.01.27-13.38.11:674][ 69]LogModuleManager: Shutting down and abandoning module AndroidPlatformEditor (458)
[2018.01.27-13.38.11:674][ 69]LogModuleManager: Shutting down and abandoning module AndroidDeviceDetection (457)
[2018.01.27-13.38.12:321][ 69]LogModuleManager: Shutting down and abandoning module WindowsPlatformEditor (454)
[2018.01.27-13.38.12:321][ 69]LogModuleManager: Shutting down and abandoning module IOSRuntimeSettings (452)
[2018.01.27-13.38.12:321][ 69]LogModuleManager: Shutting down and abandoning module AndroidRuntimeSettings (450)
[2018.01.27-13.38.12:321][ 69]LogModuleManager: Shutting down and abandoning module InputBindingEditor (448)
[2018.01.27-13.38.12:322][ 69]LogModuleManager: Shutting down and abandoning module MergeActors (446)
[2018.01.27-13.38.12:323][ 69]LogModuleManager: Shutting down and abandoning module SizeMap (444)
[2018.01.27-13.38.12:323][ 69]LogModuleManager: Shutting down and abandoning module TreeMap (442)
[2018.01.27-13.38.12:324][ 69]LogModuleManager: Shutting down and abandoning module ReferenceViewer (440)
[2018.01.27-13.38.12:324][ 69]LogModuleManager: Shutting down and abandoning module LocalizationDashboard (438)
[2018.01.27-13.38.12:324][ 69]LogModuleManager: Shutting down and abandoning module LocalizationService (437)
[2018.01.27-13.38.12:325][ 69]LogModuleManager: Shutting down and abandoning module HardwareTargeting (434)
[2018.01.27-13.38.12:325][ 69]LogModuleManager: Shutting down and abandoning module DeviceProfileEditor (432)
[2018.01.27-13.38.12:325][ 69]LogModuleManager: Shutting down and abandoning module UndoHistory (430)
[2018.01.27-13.38.12:325][ 69]LogModuleManager: Shutting down and abandoning module XmlParser (428)
[2018.01.27-13.38.12:325][ 69]LogModuleManager: Shutting down and abandoning module Blutility (426)
[2018.01.27-13.38.12:325][ 69]LogModuleManager: Shutting down and abandoning module ProjectSettingsViewer (424)
[2018.01.27-13.38.12:325][ 69]LogModuleManager: Shutting down and abandoning module ProjectTargetPlatformEditor (423)
[2018.01.27-13.38.12:326][ 69]LogModuleManager: Shutting down and abandoning module EditorSettingsViewer (420)
[2018.01.27-13.38.12:326][ 69]LogModuleManager: Shutting down and abandoning module SettingsEditor (418)
[2018.01.27-13.38.12:326][ 69]LogModuleManager: Shutting down and abandoning module ProjectLauncher (416)
[2018.01.27-13.38.12:327][ 69]LogModuleManager: Shutting down and abandoning module SessionFrontend (414)
[2018.01.27-13.38.12:328][ 69]LogModuleManager: Shutting down and abandoning module ProfilerClient (412)
[2018.01.27-13.38.12:328][ 69]LogModuleManager: Shutting down and abandoning module DeviceManager (410)
[2018.01.27-13.38.12:328][ 69]LogModuleManager: Shutting down and abandoning module TargetDeviceServices (409)
[2018.01.27-13.38.12:394][ 69]LogModuleManager: Shutting down and abandoning module AutomationController (406)
[2018.01.27-13.38.12:396][ 69]LogModuleManager: Shutting down and abandoning module AutomationWindow (404)
[2018.01.27-13.38.12:397][ 69]LogModuleManager: Shutting down and abandoning module Layers (402)
[2018.01.27-13.38.12:399][ 69]LogModuleManager: Shutting down and abandoning module ComponentVisualizers (400)
[2018.01.27-13.38.12:399][ 69]LogModuleManager: Shutting down and abandoning module DetailCustomizations (398)
[2018.01.27-13.38.12:399][ 69]LogModuleManager: Shutting down and abandoning module PackagesDialog (396)
[2018.01.27-13.38.12:400][ 69]LogModuleManager: Shutting down and abandoning module Persona (394)
[2018.01.27-13.38.12:401][ 69]LogModuleManager: Shutting down and abandoning module AdvancedPreviewScene (393)
[2018.01.27-13.38.12:401][ 69]LogModuleManager: Shutting down and abandoning module AnimGraph (391)
[2018.01.27-13.38.12:401][ 69]LogModuleManager: Shutting down and abandoning module Kismet (388)
[2018.01.27-13.38.12:417][ 69]LogModuleManager: Shutting down and abandoning module ClassViewer (386)
[2018.01.27-13.38.12:417][ 69]LogModuleManager: Shutting down and abandoning module Toolbox (384)
[2018.01.27-13.38.12:418][ 69]LogModuleManager: Shutting down and abandoning module ModuleUI (382)
[2018.01.27-13.38.12:418][ 69]LogModuleManager: Shutting down and abandoning module MovieSceneTools (380)
[2018.01.27-13.38.12:419][ 69]LogModuleManager: Shutting down and abandoning module OutputLog (378)
[2018.01.27-13.38.12:419][ 69]LogModuleManager: Shutting down and abandoning module GammaUI (376)
[2018.01.27-13.38.12:420][ 69]LogModuleManager: Shutting down and abandoning module Documentation (374)
[2018.01.27-13.38.12:421][ 69]LogModuleManager: Shutting down and abandoning module MovieSceneTracks (372)
[2018.01.27-13.38.12:421][ 69]LogModuleManager: Shutting down and abandoning module MovieScene (370)
[2018.01.27-13.38.12:421][ 69]LogModuleManager: Shutting down and abandoning module StreamingPauseRendering (368)
[2018.01.27-13.38.12:421][ 69]LogModuleManager: Shutting down and abandoning module LauncherPlatform (366)
[2018.01.27-13.38.12:421][ 69]LogModuleManager: Shutting down and abandoning module AnalyticsET (364)
[2018.01.27-13.38.12:421][ 69]LogModuleManager: Shutting down and abandoning module PortalServices (362)
[2018.01.27-13.38.12:421][ 69]LogModuleManager: Shutting down and abandoning module PortalRpc (360)
[2018.01.27-13.38.12:421][ 69]LogModuleManager: Shutting down and abandoning module MessagingRpc (358)
[2018.01.27-13.38.12:421][ 69]LogModuleManager: Shutting down and abandoning module AIModule (356)
[2018.01.27-13.38.12:422][ 69]LogModuleManager: Shutting down and abandoning module GameplayDebugger (355)
[2018.01.27-13.38.12:422][ 69]LogModuleManager: Shutting down and abandoning module AITestSuite (353)
[2018.01.27-13.38.12:422][ 69]LogModuleManager: Shutting down and abandoning module DesktopPlatform (350)
[2018.01.27-13.38.12:422][ 69]LogModuleManager: Shutting down and abandoning module ProfilerService (348)
[2018.01.27-13.38.12:670][ 69]LogModuleManager: Shutting down and abandoning module TaskGraph (346)
[2018.01.27-13.38.12:672][ 69]LogModuleManager: Shutting down and abandoning module SteamVRController (344)
[2018.01.27-13.38.12:672][ 69]LogModuleManager: Shutting down and abandoning module ProceduralMeshComponentEditor (342)
[2018.01.27-13.38.12:672][ 69]LogModuleManager: Shutting down and abandoning module ProceduralMeshComponent (340)
[2018.01.27-13.38.12:673][ 69]LogModuleManager: Shutting down and abandoning module OculusInput (338)
[2018.01.27-13.38.12:673][ 69]LogModuleManager: Shutting down and abandoning module MobilePatchingUtils (336)
[2018.01.27-13.38.12:674][ 69]LogModuleManager: Shutting down and abandoning module CustomMeshComponent (334)
[2018.01.27-13.38.12:674][ 69]LogModuleManager: Shutting down and abandoning module CableComponent (332)
[2018.01.27-13.38.12:674][ 69]LogModuleManager: Shutting down and abandoning module ArchVisCharacter (330)
[2018.01.27-13.38.12:674][ 69]LogModuleManager: Shutting down and abandoning module AndroidPermission (328)
[2018.01.27-13.38.12:674][ 69]LogModuleManager: Shutting down and abandoning module ActorSequence (324)
[2018.01.27-13.38.12:674][ 69]LogModuleManager: Shutting down and abandoning module MediaPlayerEditor (322)
[2018.01.27-13.38.12:677][ 69]LogModuleManager: Shutting down and abandoning module MediaCompositingEditor (320)
[2018.01.27-13.38.12:677][ 69]LogModuleManager: Shutting down and abandoning module MediaCompositing (318)
[2018.01.27-13.38.12:677][ 69]LogModuleManager: Shutting down and abandoning module HTML5Networking (316)
[2018.01.27-13.38.12:677][ 69]LogModuleManager: Shutting down and abandoning module AlembicImporter (314)
[2018.01.27-13.38.12:678][ 69]LogModuleManager: Shutting down and abandoning module AlembicLibrary (313)
[2018.01.27-13.38.12:678][ 69]LogModuleManager: Shutting down and abandoning module GeometryCache (312)
[2018.01.27-13.38.12:679][ 69]LogModuleManager: Shutting down and abandoning module GeometryCacheEd (311)
[2018.01.27-13.38.12:679][ 69]LogModuleManager: Shutting down and abandoning module SpeedTreeImporter (306)
[2018.01.27-13.38.12:679][ 69]LogModuleManager: Shutting down and abandoning module PluginBrowser (304)
[2018.01.27-13.38.12:682][ 69]LogModuleManager: Shutting down and abandoning module MobileLauncherProfileWizard (302)
[2018.01.27-13.38.12:683][ 69]LogModuleManager: Shutting down and abandoning module VisualStudioSourceCodeAccess (300)
[2018.01.27-13.38.12:683][ 69]LogModuleManager: Shutting down and abandoning module VisualStudioCodeSourceCodeAccess (298)
[2018.01.27-13.38.12:683][ 69]LogModuleManager: Shutting down and abandoning module UObjectPlugin (296)
[2018.01.27-13.38.12:683][ 69]LogModuleManager: Shutting down and abandoning module SubversionSourceControl (294)
[2018.01.27-13.38.12:684][ 69]LogModuleManager: Shutting down and abandoning module PerforceSourceControl (292)
[2018.01.27-13.38.12:685][ 69]LogModuleManager: Shutting down and abandoning module GitSourceControl (290)
[2018.01.27-13.38.12:686][ 69]LogModuleManager: Shutting down and abandoning module SourceControl (289)
[2018.01.27-13.38.12:686][ 69]LogModuleManager: Shutting down and abandoning module LightPropagationVolumeEditor (286)
[2018.01.27-13.38.12:686][ 69]LogModuleManager: Shutting down and abandoning module PaperTiledImporter (284)
[2018.01.27-13.38.12:686][ 69]LogModuleManager: Shutting down and abandoning module PaperSpriteSheetImporter (282)
[2018.01.27-13.38.12:686][ 69]LogModuleManager: Shutting down and abandoning module Paper2DEditor (280)
[2018.01.27-13.38.12:687][ 69]LogModuleManager: Shutting down and abandoning module MeshPaint (279)
[2018.01.27-13.38.12:688][ 69]LogModuleManager: Shutting down and abandoning module LevelEditor (277)
[2018.01.27-13.38.12:694][ 69]LogModuleManager: Shutting down and abandoning module PixelInspectorModule (276)
[2018.01.27-13.38.12:695][ 69]LogModuleManager: Shutting down and abandoning module MainFrame (274)
[2018.01.27-13.38.12:695][ 69]LogModuleManager: Shutting down and abandoning module HotReload (273)
[2018.01.27-13.38.12:697][ 69]LogModuleManager: Shutting down and abandoning module RuntimePhysXCooking (268)
[2018.01.27-13.38.12:697][ 69]LogModuleManager: Shutting down and abandoning module PhysXVehiclesEditor (266)
[2018.01.27-13.38.12:697][ 69]LogModuleManager: Shutting down and abandoning module PhysXVehicles (264)
[2018.01.27-13.38.12:697][ 69]LogModuleManager: Shutting down and abandoning module OculusEditor (262)
[2018.01.27-13.38.12:697][ 69]LogModuleManager: Shutting down and abandoning module LocationServicesBPLibrary (260)
[2018.01.27-13.38.12:697][ 69]LogModuleManager: Shutting down and abandoning module ImmediatePhysicsEditor (258)
[2018.01.27-13.38.12:697][ 69]LogModuleManager: Shutting down and abandoning module ImmediatePhysics (256)
[2018.01.27-13.38.12:698][ 69]LogModuleManager: Shutting down and abandoning module UdpMessaging (254)
[2018.01.27-13.38.12:800][ 69]LogModuleManager: Shutting down and abandoning module TcpMessaging (252)
[2018.01.27-13.38.12:901][ 69]LogModuleManager: Shutting down and abandoning module GameplayTagsEditor (250)
[2018.01.27-13.38.12:903][ 69]LogModuleManager: Shutting down and abandoning module FacialAnimationEditor (248)
[2018.01.27-13.38.12:903][ 69]LogModuleManager: Shutting down and abandoning module FacialAnimation (246)
[2018.01.27-13.38.12:903][ 69]LogModuleManager: Shutting down and abandoning module AssetManagerEditor (244)
[2018.01.27-13.38.12:905][ 69]LogModuleManager: Shutting down and abandoning module GraphEditor (243)
[2018.01.27-13.38.12:905][ 69]LogModuleManager: Shutting down and abandoning module ContentBrowser (241)
[2018.01.27-13.38.12:909][ 69]LogModuleManager: Shutting down and abandoning module LightPropagationVolumeRuntime (238)
[2018.01.27-13.38.12:909][ 69]LogModuleManager: Shutting down and abandoning module Paper2D (236)
[2018.01.27-13.38.12:909][ 69]LogModuleManager: Shutting down and abandoning module WindowsMoviePlayer (234)
[2018.01.27-13.38.12:909][ 69]LogModuleManager: Shutting down and abandoning module WmfMedia (232)
[2018.01.27-13.38.12:915][ 69]LogModuleManager: Shutting down and abandoning module ImgMedia (230)
[2018.01.27-13.38.12:915][ 69]LogModuleManager: Shutting down and abandoning module PacketHandler (228)
[2018.01.27-13.38.12:916][ 69]LogModuleManager: Shutting down and abandoning module ClothingSystemEditor (226)
[2018.01.27-13.38.12:916][ 69]LogModuleManager: Shutting down and abandoning module ClothingSystemRuntime (224)
[2018.01.27-13.38.12:916][ 69]LogModuleManager: Shutting down and abandoning module MediaAssets (222)
[2018.01.27-13.38.12:917][ 69]LogModuleManager: Shutting down and abandoning module Media (221)
[2018.01.27-13.38.12:924][ 69]LogModuleManager: Shutting down and abandoning module Overlay (218)
[2018.01.27-13.38.12:924][ 69]LogModuleManager: Shutting down and abandoning module OverlayEditor (217)
[2018.01.27-13.38.12:924][ 69]LogModuleManager: Shutting down and abandoning module VREditor (214)
[2018.01.27-13.38.12:926][ 69]LogModuleManager: Shutting down and abandoning module StringTableEditor (212)
[2018.01.27-13.38.12:926][ 69]LogModuleManager: Shutting down and abandoning module GameplayTasksEditor (210)
[2018.01.27-13.38.12:926][ 69]LogModuleManager: Shutting down and abandoning module BehaviorTreeEditor (208)
[2018.01.27-13.38.12:928][ 69]LogModuleManager: Shutting down and abandoning module FunctionalTesting (206)
[2018.01.27-13.38.12:929][ 69]LogModuleManager: Shutting down and abandoning module CollisionAnalyzer (204)
[2018.01.27-13.38.12:930][ 69]LogModuleManager: Shutting down and abandoning module WorkspaceMenuStructure (203)
[2018.01.27-13.38.12:930][ 69]LogModuleManager: Shutting down and abandoning module UMG (200)
[2018.01.27-13.38.12:930][ 69]LogModuleManager: Shutting down and abandoning module UMGEditor (199)
[2018.01.27-13.38.12:930][ 69]LogModuleManager: Shutting down and abandoning module Sequencer (198)
[2018.01.27-13.38.12:931][ 69]LogModuleManager: Shutting down and abandoning module MessageLog (195)
[2018.01.27-13.38.12:931][ 69]LogModuleManager: Shutting down and abandoning module SlateReflector (190)
[2018.01.27-13.38.12:934][ 69]LogModuleManager: Shutting down and abandoning module Slate (188)
[2018.01.27-13.38.12:934][ 69]LogModuleManager: Shutting down and abandoning module EditorStyle (186)
[2018.01.27-13.38.12:942][ 69]LogModuleManager: Shutting down and abandoning module MRMesh (184)
[2018.01.27-13.38.12:942][ 69]LogModuleManager: Shutting down and abandoning module SourceCodeAccess (182)
[2018.01.27-13.38.12:943][ 69]LogModuleManager: Shutting down and abandoning module HeadMountedDisplay (180)
[2018.01.27-13.38.12:943][ 69]LogModuleManager: Shutting down and abandoning module XAudio2 (178)
[2018.01.27-13.38.12:943][ 69]LogModuleManager: Shutting down and abandoning module Networking (176)
[2018.01.27-13.38.12:943][ 69]LogModuleManager: Shutting down and abandoning module Core (172)
[2018.01.27-13.38.12:943][ 69]LogModuleManager: Shutting down and abandoning module LevelSequence (168)
[2018.01.27-13.38.12:943][ 69]LogModuleManager: Shutting down and abandoning module DirectoryWatcher (166)
[2018.01.27-13.38.12:963][ 69]LogModuleManager: Shutting down and abandoning module KismetCompiler (164)
[2018.01.27-13.38.12:963][ 69]LogModuleManager: Shutting down and abandoning module MeshUtilities (162)
[2018.01.27-13.38.12:965][ 69]LogModuleManager: Shutting down and abandoning module MeshMergeUtilities (161)
[2018.01.27-13.38.12:965][ 69]LogModuleManager: Shutting down and abandoning module MeshReductionInterface (160)
[2018.01.27-13.38.12:965][ 69]LogModuleManager: Shutting down and abandoning module SimplygonSwarm (159)
[2018.01.27-13.38.12:966][ 69]LogModuleManager: Shutting down and abandoning module SimplygonMeshReduction (157)
[2018.01.27-13.38.12:966][ 69]LogModuleManager: Shutting down and abandoning module QuadricMeshReduction (155)
[2018.01.27-13.38.12:967][ 69]LogModuleManager: Shutting down and abandoning module MaterialBaking (151)
[2018.01.27-13.38.12:967][ 69]LogModuleManager: Shutting down and abandoning module DerivedDataCache (148)
[2018.01.27-13.38.12:976][ 69]LogDerivedDataCache: Shutdown
[2018.01.27-13.38.12:976][ 69]LogModuleManager: Shutting down and abandoning module TargetPlatform (146)
[2018.01.27-13.38.12:977][ 69]LogModuleManager: Shutting down and abandoning module VulkanShaderFormat (145)
[2018.01.27-13.38.12:977][ 69]LogModuleManager: Shutting down and abandoning module ShaderFormatVectorVM (143)
[2018.01.27-13.38.12:978][ 69]LogModuleManager: Shutting down and abandoning module ShaderFormatOpenGL (141)
[2018.01.27-13.38.12:979][ 69]LogModuleManager: Shutting down and abandoning module ShaderFormatD3D (139)
[2018.01.27-13.38.12:979][ 69]LogModuleManager: Shutting down and abandoning module MetalShaderFormat (137)
[2018.01.27-13.38.12:980][ 69]LogModuleManager: Shutting down and abandoning module TextureFormatUncompressed (135)
[2018.01.27-13.38.12:980][ 69]LogModuleManager: Shutting down and abandoning module TextureFormatPVR (133)
[2018.01.27-13.38.12:980][ 69]LogModuleManager: Shutting down and abandoning module TextureFormatDXT (131)
[2018.01.27-13.38.12:980][ 69]LogModuleManager: Shutting down and abandoning module TextureFormatIntelISPCTexComp (129)
[2018.01.27-13.38.12:981][ 69]LogModuleManager: Shutting down and abandoning module TextureFormatASTC (127)
[2018.01.27-13.38.12:981][ 69]LogModuleManager: Shutting down and abandoning module ImageWrapper (126)
[2018.01.27-13.38.12:981][ 69]LogModuleManager: Shutting down and abandoning module TextureFormatAndroid (123)
[2018.01.27-13.38.12:981][ 69]LogModuleManager: Shutting down and abandoning module AudioFormatOpus (121)
[2018.01.27-13.38.12:981][ 69]LogModuleManager: Shutting down and abandoning module AudioFormatOgg (119)
[2018.01.27-13.38.12:981][ 69]LogModuleManager: Shutting down and abandoning module AudioFormatADPCM (117)
[2018.01.27-13.38.12:981][ 69]LogModuleManager: Shutting down and abandoning module LinuxTargetPlatform (115)
[2018.01.27-13.38.12:982][ 69]LogModuleManager: Shutting down and abandoning module LinuxServerTargetPlatform (113)
[2018.01.27-13.38.12:982][ 69]LogModuleManager: Shutting down and abandoning module LinuxNoEditorTargetPlatform (111)
[2018.01.27-13.38.12:982][ 69]LogModuleManager: Shutting down and abandoning module LinuxClientTargetPlatform (109)
[2018.01.27-13.38.12:982][ 69]LogModuleManager: Shutting down and abandoning module TVOSTargetPlatform (107)
[2018.01.27-13.38.12:982][ 69]LogModuleManager: Shutting down and abandoning module Messaging (105)
[2018.01.27-13.38.12:982][ 69]LogModuleManager: Shutting down and abandoning module IOSTargetPlatform (103)
[2018.01.27-13.38.12:982][ 69]LogModuleManager: Shutting down and abandoning module HTML5TargetPlatform (101)
[2018.01.27-13.38.12:982][ 69]LogModuleManager: Shutting down and abandoning module AndroidTargetPlatform (99)
[2018.01.27-13.38.12:982][ 69]LogModuleManager: Shutting down and abandoning module Android_PVRTCTargetPlatform (97)
[2018.01.27-13.38.12:982][ 69]LogModuleManager: Shutting down and abandoning module Android_MultiTargetPlatform (95)
[2018.01.27-13.38.12:982][ 69]LogModuleManager: Shutting down and abandoning module Android_ETC2TargetPlatform (93)
[2018.01.27-13.38.12:983][ 69]LogModuleManager: Shutting down and abandoning module Android_ETC1TargetPlatform (91)
[2018.01.27-13.38.12:983][ 69]LogModuleManager: Shutting down and abandoning module Android_DXTTargetPlatform (89)
[2018.01.27-13.38.12:983][ 69]LogModuleManager: Shutting down and abandoning module Android_ATCTargetPlatform (87)
[2018.01.27-13.38.12:983][ 69]LogModuleManager: Shutting down and abandoning module Android_ASTCTargetPlatform (85)
[2018.01.27-13.38.12:983][ 69]LogModuleManager: Shutting down and abandoning module WindowsTargetPlatform (83)
[2018.01.27-13.38.12:983][ 69]LogModuleManager: Shutting down and abandoning module WindowsServerTargetPlatform (81)
[2018.01.27-13.38.12:983][ 69]LogModuleManager: Shutting down and abandoning module WindowsNoEditorTargetPlatform (79)
[2018.01.27-13.38.12:983][ 69]LogModuleManager: Shutting down and abandoning module WindowsClientTargetPlatform (77)
[2018.01.27-13.38.12:983][ 69]LogModuleManager: Shutting down and abandoning module MacTargetPlatform (75)
[2018.01.27-13.38.12:983][ 69]LogModuleManager: Shutting down and abandoning module MacServerTargetPlatform (73)
[2018.01.27-13.38.12:984][ 69]LogModuleManager: Shutting down and abandoning module MacNoEditorTargetPlatform (71)
[2018.01.27-13.38.12:984][ 69]LogModuleManager: Shutting down and abandoning module MacClientTargetPlatform (69)
[2018.01.27-13.38.12:984][ 69]LogModuleManager: Shutting down and abandoning module AllDesktopTargetPlatform (67)
[2018.01.27-13.38.12:984][ 69]LogModuleManager: Shutting down and abandoning module InputCore (64)
[2018.01.27-13.38.12:984][ 69]LogModuleManager: Shutting down and abandoning module Settings (62)
[2018.01.27-13.38.12:984][ 69]LogModuleManager: Shutting down and abandoning module PhysXCooking (60)
[2018.01.27-13.38.12:984][ 69]LogModuleManager: Shutting down and abandoning module SteamVR (58)
[2018.01.27-13.38.12:984][ 69]LogModuleManager: Shutting down and abandoning module OculusHMD (56)
[2018.01.27-13.38.12:984][ 69]LogModuleManager: Shutting down and abandoning module ExampleDeviceProfileSelector (54)
[2018.01.27-13.38.12:985][ 69]LogModuleManager: Shutting down and abandoning module AppleARKit (52)
[2018.01.27-13.38.12:985][ 69]LogModuleManager: Shutting down and abandoning module AugmentedReality (51)
[2018.01.27-13.38.12:985][ 69]LogModuleManager: Shutting down and abandoning module OnlineBlueprintSupport (48)
[2018.01.27-13.38.12:985][ 69]LogModuleManager: Shutting down and abandoning module OnlineSubsystem (44)
[2018.01.27-13.38.12:986][ 69]LogModuleManager: Shutting down and abandoning module XMPP (43)
[2018.01.27-13.38.12:987][ 69]LogModuleManager: Shutting down and abandoning module HTTP (41)
[2018.01.27-13.38.12:987][ 69]LogHttp: Display: Http module shutting down, but needs to wait on 1 outstanding Http requests:
[2018.01.27-13.38.12:987][ 69]LogHttp: Display: 	verb=[POST] url=[https://datarouter.ol.epicgames.com/datarouter/api/v1/public/data?SessionID=%7B3360070E-4F14-4199-C07A-C088EA0FA063%7D&AppID=UEEditor.Rocket.Release&AppVersion=4.18.3-3832480%2B%2B%2BUE4%2BRelease-4.18&UserID=327069b34a4925d1b8a8b7a812a634a7%7Cd2a7953625ac49c58e9222379e41c279%7C469b7191-ef42-4b9f-83ed-5bd9cfdc2fa9&AppEnvironment=datacollector-binary&UploadType=eteventstream] status=Processing
[2018.01.27-13.38.13:009][ 69]LogModuleManager: Shutting down and abandoning module SSL (40)
[2018.01.27-13.38.13:015][ 69]LogModuleManager: Shutting down and abandoning module AnimationModifiers (36)
[2018.01.27-13.38.13:016][ 69]LogModuleManager: Shutting down and abandoning module PropertyEditor (35)
[2018.01.27-13.38.13:016][ 69]LogModuleManager: Shutting down and abandoning module AudioEditor (32)
[2018.01.27-13.38.13:018][ 69]LogModuleManager: Shutting down and abandoning module TextureCompressor (30)
[2018.01.27-13.38.13:020][ 69]LogModuleManager: Shutting down and abandoning module ShaderCore (28)
[2018.01.27-13.38.13:020][ 69]LogModuleManager: Shutting down and abandoning module Landscape (26)
[2018.01.27-13.38.13:020][ 69]LogModuleManager: Shutting down and abandoning module SlateRHIRenderer (24)
[2018.01.27-13.38.13:031][ 69]LogModuleManager: Shutting down and abandoning module OpenGLDrv (22)
[2018.01.27-13.38.13:031][ 69]LogModuleManager: Shutting down and abandoning module D3D11RHI (20)
[2018.01.27-13.38.13:032][ 69]LogModuleManager: Shutting down and abandoning module AnimGraphRuntime (18)
[2018.01.27-13.38.13:032][ 69]LogModuleManager: Shutting down and abandoning module Renderer (16)
[2018.01.27-13.38.13:032][ 69]LogModuleManager: Shutting down and abandoning module Engine (14)
[2018.01.27-13.38.13:033][ 69]LogModuleManager: Shutting down and abandoning module CoreUObject (12)
[2018.01.27-13.38.13:033][ 69]LogModuleManager: Shutting down and abandoning module NetworkFile (10)
[2018.01.27-13.38.13:033][ 69]LogModuleManager: Shutting down and abandoning module CookedIterativeFile (8)
[2018.01.27-13.38.13:033][ 69]LogModuleManager: Shutting down and abandoning module StreamingFile (6)
[2018.01.27-13.38.13:034][ 69]LogModuleManager: Shutting down and abandoning module SandboxFile (4)
[2018.01.27-13.38.13:034][ 69]LogModuleManager: Shutting down and abandoning module PakFile (2)
[2018.01.27-13.38.13:040][ 69]LogExit: Exiting.
[2018.01.27-13.38.13:058][ 69]Log file closed, 01/27/18 14:38:13
